This is pdfTeX, Version 3.14159265-2.6-1.40.19 (TeX Live 2018) (preloaded format=pdflatex 2019.4.6)  4 FEB 2021 11:27
entering extended mode
 restricted \write18 enabled.
 %&-line parsing enabled.
**epi_curious.tex
(./epi_curious.tex
LaTeX2e <2018-04-01> patch level 2
Babel <3.18> and hyphenation patterns for 84 language(s) loaded.
(/usr/local/texlive/2018/texmf-dist/tex/latex/base/article.cls
Document Class: article 2014/09/29 v1.4h Standard LaTeX document class
(/usr/local/texlive/2018/texmf-dist/tex/latex/base/size10.clo
File: size10.clo 2014/09/29 v1.4h Standard LaTeX file (size option)
)
\c@part=\count80
\c@section=\count81
\c@subsection=\count82
\c@subsubsection=\count83
\c@paragraph=\count84
\c@subparagraph=\count85
\c@figure=\count86
\c@table=\count87
\abovecaptionskip=\skip41
\belowcaptionskip=\skip42
\bibindent=\dimen102
) (/usr/local/texlive/2018/texmf-dist/tex/latex/lm/lmodern.sty
Package: lmodern 2009/10/30 v1.6 Latin Modern Fonts
LaTeX Font Info:    Overwriting symbol font `operators' in version `normal'
(Font)                  OT1/cmr/m/n --> OT1/lmr/m/n on input line 22.
LaTeX Font Info:    Overwriting symbol font `letters' in version `normal'
(Font)                  OML/cmm/m/it --> OML/lmm/m/it on input line 23.
LaTeX Font Info:    Overwriting symbol font `symbols' in version `normal'
(Font)                  OMS/cmsy/m/n --> OMS/lmsy/m/n on input line 24.
LaTeX Font Info:    Overwriting symbol font `largesymbols' in version `normal'
(Font)                  OMX/cmex/m/n --> OMX/lmex/m/n on input line 25.
LaTeX Font Info:    Overwriting symbol font `operators' in version `bold'
(Font)                  OT1/cmr/bx/n --> OT1/lmr/bx/n on input line 26.
LaTeX Font Info:    Overwriting symbol font `letters' in version `bold'
(Font)                  OML/cmm/b/it --> OML/lmm/b/it on input line 27.
LaTeX Font Info:    Overwriting symbol font `symbols' in version `bold'
(Font)                  OMS/cmsy/b/n --> OMS/lmsy/b/n on input line 28.
LaTeX Font Info:    Overwriting symbol font `largesymbols' in version `bold'
(Font)                  OMX/cmex/m/n --> OMX/lmex/m/n on input line 29.
LaTeX Font Info:    Overwriting math alphabet `\mathbf' in version `normal'
(Font)                  OT1/cmr/bx/n --> OT1/lmr/bx/n on input line 31.
LaTeX Font Info:    Overwriting math alphabet `\mathsf' in version `normal'
(Font)                  OT1/cmss/m/n --> OT1/lmss/m/n on input line 32.
LaTeX Font Info:    Overwriting math alphabet `\mathit' in version `normal'
(Font)                  OT1/cmr/m/it --> OT1/lmr/m/it on input line 33.
LaTeX Font Info:    Overwriting math alphabet `\mathtt' in version `normal'
(Font)                  OT1/cmtt/m/n --> OT1/lmtt/m/n on input line 34.
LaTeX Font Info:    Overwriting math alphabet `\mathbf' in version `bold'
(Font)                  OT1/cmr/bx/n --> OT1/lmr/bx/n on input line 35.
LaTeX Font Info:    Overwriting math alphabet `\mathsf' in version `bold'
(Font)                  OT1/cmss/bx/n --> OT1/lmss/bx/n on input line 36.
LaTeX Font Info:    Overwriting math alphabet `\mathit' in version `bold'
(Font)                  OT1/cmr/bx/it --> OT1/lmr/bx/it on input line 37.
LaTeX Font Info:    Overwriting math alphabet `\mathtt' in version `bold'
(Font)                  OT1/cmtt/m/n --> OT1/lmtt/m/n on input line 38.
) (/usr/local/texlive/2018/texmf-dist/tex/latex/amsfonts/amssymb.sty
Package: amssymb 2013/01/14 v3.01 AMS font symbols
(/usr/local/texlive/2018/texmf-dist/tex/latex/amsfonts/amsfonts.sty
Package: amsfonts 2013/01/14 v3.01 Basic AMSFonts support
\@emptytoks=\toks14
\symAMSa=\mathgroup4
\symAMSb=\mathgroup5
LaTeX Font Info:    Overwriting math alphabet `\mathfrak' in version `bold'
(Font)                  U/euf/m/n --> U/euf/b/n on input line 106.
)) (/usr/local/texlive/2018/texmf-dist/tex/latex/amsmath/amsmath.sty
Package: amsmath 2017/09/02 v2.17a AMS math features
\@mathmargin=\skip43
For additional information on amsmath, use the `?' option.
(/usr/local/texlive/2018/texmf-dist/tex/latex/amsmath/amstext.sty
Package: amstext 2000/06/29 v2.01 AMS text
(/usr/local/texlive/2018/texmf-dist/tex/latex/amsmath/amsgen.sty
File: amsgen.sty 1999/11/30 v2.0 generic functions
\@emptytoks=\toks15
\ex@=\dimen103
)) (/usr/local/texlive/2018/texmf-dist/tex/latex/amsmath/amsbsy.sty
Package: amsbsy 1999/11/29 v1.2d Bold Symbols
\pmbraise@=\dimen104
) (/usr/local/texlive/2018/texmf-dist/tex/latex/amsmath/amsopn.sty
Package: amsopn 2016/03/08 v2.02 operator names
)
\inf@bad=\count88
LaTeX Info: Redefining \frac on input line 213.
\uproot@=\count89
\leftroot@=\count90
LaTeX Info: Redefining \overline on input line 375.
\classnum@=\count91
\DOTSCASE@=\count92
LaTeX Info: Redefining \ldots on input line 472.
LaTeX Info: Redefining \dots on input line 475.
LaTeX Info: Redefining \cdots on input line 596.
\Mathstrutbox@=\box26
\strutbox@=\box27
\big@size=\dimen105
LaTeX Font Info:    Redeclaring font encoding OML on input line 712.
LaTeX Font Info:    Redeclaring font encoding OMS on input line 713.
\macc@depth=\count93
\c@MaxMatrixCols=\count94
\dotsspace@=\muskip10
\c@parentequation=\count95
\dspbrk@lvl=\count96
\tag@help=\toks16
\row@=\count97
\column@=\count98
\maxfields@=\count99
\andhelp@=\toks17
\eqnshift@=\dimen106
\alignsep@=\dimen107
\tagshift@=\dimen108
\tagwidth@=\dimen109
\totwidth@=\dimen110
\lineht@=\dimen111
\@envbody=\toks18
\multlinegap=\skip44
\multlinetaggap=\skip45
\mathdisplay@stack=\toks19
LaTeX Info: Redefining \[ on input line 2817.
LaTeX Info: Redefining \] on input line 2818.
) (/usr/local/texlive/2018/texmf-dist/tex/generic/ifxetex/ifxetex.sty
Package: ifxetex 2010/09/12 v0.6 Provides ifxetex conditional
) (/usr/local/texlive/2018/texmf-dist/tex/generic/oberdiek/ifluatex.sty
Package: ifluatex 2016/05/16 v1.4 Provides the ifluatex switch (HO)
Package ifluatex Info: LuaTeX not detected.
) (/usr/local/texlive/2018/texmf-dist/tex/latex/base/fontenc.sty
Package: fontenc 2017/04/05 v2.0i Standard LaTeX package
(/usr/local/texlive/2018/texmf-dist/tex/latex/base/t1enc.def
File: t1enc.def 2017/04/05 v2.0i Standard LaTeX file
LaTeX Font Info:    Redeclaring font encoding T1 on input line 48.
)) (/usr/local/texlive/2018/texmf-dist/tex/latex/base/inputenc.sty
Package: inputenc 2018/04/06 v1.3b Input encoding file
\inpenc@prehook=\toks20
\inpenc@posthook=\toks21
) (/usr/local/texlive/2018/texmf-dist/tex/latex/base/textcomp.sty
Package: textcomp 2017/04/05 v2.0i Standard LaTeX package
Package textcomp Info: Sub-encoding information:
(textcomp)               5 = only ISO-Adobe without \textcurrency
(textcomp)               4 = 5 + \texteuro
(textcomp)               3 = 4 + \textohm
(textcomp)               2 = 3 + \textestimated + \textcurrency
(textcomp)               1 = TS1 - \textcircled - \t
(textcomp)               0 = TS1 (full)
(textcomp)             Font families with sub-encoding setting implement
(textcomp)             only a restricted character set as indicated.
(textcomp)             Family '?' is the default used for unknown fonts.
(textcomp)             See the documentation for details.
Package textcomp Info: Setting ? sub-encoding to TS1/1 on input line 79.
(/usr/local/texlive/2018/texmf-dist/tex/latex/base/ts1enc.def
File: ts1enc.def 2001/06/05 v3.0e (jk/car/fm) Standard LaTeX file
Now handling font encoding TS1 ...
... processing UTF-8 mapping file for font encoding TS1
(/usr/local/texlive/2018/texmf-dist/tex/latex/base/ts1enc.dfu
File: ts1enc.dfu 2018/04/05 v1.2c UTF-8 support for inputenc
   defining Unicode char U+00A2 (decimal 162)
   defining Unicode char U+00A3 (decimal 163)
   defining Unicode char U+00A4 (decimal 164)
   defining Unicode char U+00A5 (decimal 165)
   defining Unicode char U+00A6 (decimal 166)
   defining Unicode char U+00A7 (decimal 167)
   defining Unicode char U+00A8 (decimal 168)
   defining Unicode char U+00A9 (decimal 169)
   defining Unicode char U+00AA (decimal 170)
   defining Unicode char U+00AC (decimal 172)
   defining Unicode char U+00AE (decimal 174)
   defining Unicode char U+00AF (decimal 175)
   defining Unicode char U+00B0 (decimal 176)
   defining Unicode char U+00B1 (decimal 177)
   defining Unicode char U+00B2 (decimal 178)
   defining Unicode char U+00B3 (decimal 179)
   defining Unicode char U+00B4 (decimal 180)
   defining Unicode char U+00B5 (decimal 181)
   defining Unicode char U+00B6 (decimal 182)
   defining Unicode char U+00B7 (decimal 183)
   defining Unicode char U+00B9 (decimal 185)
   defining Unicode char U+00BA (decimal 186)
   defining Unicode char U+00BC (decimal 188)
   defining Unicode char U+00BD (decimal 189)
   defining Unicode char U+00BE (decimal 190)
   defining Unicode char U+00D7 (decimal 215)
   defining Unicode char U+00F7 (decimal 247)
   defining Unicode char U+0192 (decimal 402)
   defining Unicode char U+02C7 (decimal 711)
   defining Unicode char U+02D8 (decimal 728)
   defining Unicode char U+02DD (decimal 733)
   defining Unicode char U+0E3F (decimal 3647)
   defining Unicode char U+2016 (decimal 8214)
   defining Unicode char U+2020 (decimal 8224)
   defining Unicode char U+2021 (decimal 8225)
   defining Unicode char U+2022 (decimal 8226)
   defining Unicode char U+2030 (decimal 8240)
   defining Unicode char U+2031 (decimal 8241)
   defining Unicode char U+203B (decimal 8251)
   defining Unicode char U+203D (decimal 8253)
   defining Unicode char U+2044 (decimal 8260)
   defining Unicode char U+204E (decimal 8270)
   defining Unicode char U+2052 (decimal 8274)
   defining Unicode char U+20A1 (decimal 8353)
   defining Unicode char U+20A4 (decimal 8356)
   defining Unicode char U+20A6 (decimal 8358)
   defining Unicode char U+20A9 (decimal 8361)
   defining Unicode char U+20AB (decimal 8363)
   defining Unicode char U+20AC (decimal 8364)
   defining Unicode char U+20B1 (decimal 8369)
   defining Unicode char U+2103 (decimal 8451)
   defining Unicode char U+2116 (decimal 8470)
   defining Unicode char U+2117 (decimal 8471)
   defining Unicode char U+211E (decimal 8478)
   defining Unicode char U+2120 (decimal 8480)
   defining Unicode char U+2122 (decimal 8482)
   defining Unicode char U+2126 (decimal 8486)
   defining Unicode char U+2127 (decimal 8487)
   defining Unicode char U+212E (decimal 8494)
   defining Unicode char U+2190 (decimal 8592)
   defining Unicode char U+2191 (decimal 8593)
   defining Unicode char U+2192 (decimal 8594)
   defining Unicode char U+2193 (decimal 8595)
   defining Unicode char U+2329 (decimal 9001)
   defining Unicode char U+232A (decimal 9002)
   defining Unicode char U+2422 (decimal 9250)
   defining Unicode char U+25E6 (decimal 9702)
   defining Unicode char U+25EF (decimal 9711)
   defining Unicode char U+266A (decimal 9834)
   defining Unicode char U+FEFF (decimal 65279)
))
LaTeX Info: Redefining \oldstylenums on input line 334.
Package textcomp Info: Setting cmr sub-encoding to TS1/0 on input line 349.
Package textcomp Info: Setting cmss sub-encoding to TS1/0 on input line 350.
Package textcomp Info: Setting cmtt sub-encoding to TS1/0 on input line 351.
Package textcomp Info: Setting cmvtt sub-encoding to TS1/0 on input line 352.
Package textcomp Info: Setting cmbr sub-encoding to TS1/0 on input line 353.
Package textcomp Info: Setting cmtl sub-encoding to TS1/0 on input line 354.
Package textcomp Info: Setting ccr sub-encoding to TS1/0 on input line 355.
Package textcomp Info: Setting ptm sub-encoding to TS1/4 on input line 356.
Package textcomp Info: Setting pcr sub-encoding to TS1/4 on input line 357.
Package textcomp Info: Setting phv sub-encoding to TS1/4 on input line 358.
Package textcomp Info: Setting ppl sub-encoding to TS1/3 on input line 359.
Package textcomp Info: Setting pag sub-encoding to TS1/4 on input line 360.
Package textcomp Info: Setting pbk sub-encoding to TS1/4 on input line 361.
Package textcomp Info: Setting pnc sub-encoding to TS1/4 on input line 362.
Package textcomp Info: Setting pzc sub-encoding to TS1/4 on input line 363.
Package textcomp Info: Setting bch sub-encoding to TS1/4 on input line 364.
Package textcomp Info: Setting put sub-encoding to TS1/5 on input line 365.
Package textcomp Info: Setting uag sub-encoding to TS1/5 on input line 366.
Package textcomp Info: Setting ugq sub-encoding to TS1/5 on input line 367.
Package textcomp Info: Setting ul8 sub-encoding to TS1/4 on input line 368.
Package textcomp Info: Setting ul9 sub-encoding to TS1/4 on input line 369.
Package textcomp Info: Setting augie sub-encoding to TS1/5 on input line 370.
Package textcomp Info: Setting dayrom sub-encoding to TS1/3 on input line 371.
Package textcomp Info: Setting dayroms sub-encoding to TS1/3 on input line 372.

Package textcomp Info: Setting pxr sub-encoding to TS1/0 on input line 373.
Package textcomp Info: Setting pxss sub-encoding to TS1/0 on input line 374.
Package textcomp Info: Setting pxtt sub-encoding to TS1/0 on input line 375.
Package textcomp Info: Setting txr sub-encoding to TS1/0 on input line 376.
Package textcomp Info: Setting txss sub-encoding to TS1/0 on input line 377.
Package textcomp Info: Setting txtt sub-encoding to TS1/0 on input line 378.
Package textcomp Info: Setting lmr sub-encoding to TS1/0 on input line 379.
Package textcomp Info: Setting lmdh sub-encoding to TS1/0 on input line 380.
Package textcomp Info: Setting lmss sub-encoding to TS1/0 on input line 381.
Package textcomp Info: Setting lmssq sub-encoding to TS1/0 on input line 382.
Package textcomp Info: Setting lmvtt sub-encoding to TS1/0 on input line 383.
Package textcomp Info: Setting lmtt sub-encoding to TS1/0 on input line 384.
Package textcomp Info: Setting qhv sub-encoding to TS1/0 on input line 385.
Package textcomp Info: Setting qag sub-encoding to TS1/0 on input line 386.
Package textcomp Info: Setting qbk sub-encoding to TS1/0 on input line 387.
Package textcomp Info: Setting qcr sub-encoding to TS1/0 on input line 388.
Package textcomp Info: Setting qcs sub-encoding to TS1/0 on input line 389.
Package textcomp Info: Setting qpl sub-encoding to TS1/0 on input line 390.
Package textcomp Info: Setting qtm sub-encoding to TS1/0 on input line 391.
Package textcomp Info: Setting qzc sub-encoding to TS1/0 on input line 392.
Package textcomp Info: Setting qhvc sub-encoding to TS1/0 on input line 393.
Package textcomp Info: Setting futs sub-encoding to TS1/4 on input line 394.
Package textcomp Info: Setting futx sub-encoding to TS1/4 on input line 395.
Package textcomp Info: Setting futj sub-encoding to TS1/4 on input line 396.
Package textcomp Info: Setting hlh sub-encoding to TS1/3 on input line 397.
Package textcomp Info: Setting hls sub-encoding to TS1/3 on input line 398.
Package textcomp Info: Setting hlst sub-encoding to TS1/3 on input line 399.
Package textcomp Info: Setting hlct sub-encoding to TS1/5 on input line 400.
Package textcomp Info: Setting hlx sub-encoding to TS1/5 on input line 401.
Package textcomp Info: Setting hlce sub-encoding to TS1/5 on input line 402.
Package textcomp Info: Setting hlcn sub-encoding to TS1/5 on input line 403.
Package textcomp Info: Setting hlcw sub-encoding to TS1/5 on input line 404.
Package textcomp Info: Setting hlcf sub-encoding to TS1/5 on input line 405.
Package textcomp Info: Setting pplx sub-encoding to TS1/3 on input line 406.
Package textcomp Info: Setting pplj sub-encoding to TS1/3 on input line 407.
Package textcomp Info: Setting ptmx sub-encoding to TS1/4 on input line 408.
Package textcomp Info: Setting ptmj sub-encoding to TS1/4 on input line 409.
) (/usr/local/texlive/2018/texmf-dist/tex/latex/upquote/upquote.sty
Package: upquote 2012/04/19 v1.3 upright-quote and grave-accent glyphs in verba
tim
) (/usr/local/texlive/2018/texmf-dist/tex/latex/microtype/microtype.sty
Package: microtype 2018/01/14 v2.7a Micro-typographical refinements (RS)
(/usr/local/texlive/2018/texmf-dist/tex/latex/graphics/keyval.sty
Package: keyval 2014/10/28 v1.15 key=value parser (DPC)
\KV@toks@=\toks22
)
\MT@toks=\toks23
\MT@count=\count100
LaTeX Info: Redefining \textls on input line 793.
\MT@outer@kern=\dimen112
LaTeX Info: Redefining \textmicrotypecontext on input line 1339.
\MT@listname@count=\count101
(/usr/local/texlive/2018/texmf-dist/tex/latex/microtype/microtype-pdftex.def
File: microtype-pdftex.def 2018/01/14 v2.7a Definitions specific to pdftex (RS)

LaTeX Info: Redefining \lsstyle on input line 913.
LaTeX Info: Redefining \lslig on input line 913.
\MT@outer@space=\skip46
)
Package microtype Info: Loading configuration file microtype.cfg.
(/usr/local/texlive/2018/texmf-dist/tex/latex/microtype/microtype.cfg
File: microtype.cfg 2018/01/14 v2.7a microtype main configuration file (RS)
)) (/usr/local/texlive/2018/texmf-dist/tex/latex/parskip/parskip.sty
Package: parskip 2001/04/09 non-zero parskip adjustments
) (/usr/local/texlive/2018/texmf-dist/tex/latex/xcolor/xcolor.sty
Package: xcolor 2016/05/11 v2.12 LaTeX color extensions (UK)
(/usr/local/texlive/2018/texmf-dist/tex/latex/graphics-cfg/color.cfg
File: color.cfg 2016/01/02 v1.6 sample color configuration
)
Package xcolor Info: Driver file: pdftex.def on input line 225.
(/usr/local/texlive/2018/texmf-dist/tex/latex/graphics-def/pdftex.def
File: pdftex.def 2018/01/08 v1.0l Graphics/color driver for pdftex
)
Package xcolor Info: Model `cmy' substituted by `cmy0' on input line 1348.
Package xcolor Info: Model `hsb' substituted by `rgb' on input line 1352.
Package xcolor Info: Model `RGB' extended on input line 1364.
Package xcolor Info: Model `HTML' substituted by `rgb' on input line 1366.
Package xcolor Info: Model `Hsb' substituted by `hsb' on input line 1367.
Package xcolor Info: Model `tHsb' substituted by `hsb' on input line 1368.
Package xcolor Info: Model `HSB' substituted by `hsb' on input line 1369.
Package xcolor Info: Model `Gray' substituted by `gray' on input line 1370.
Package xcolor Info: Model `wave' substituted by `hsb' on input line 1371.
) (/usr/local/texlive/2018/texmf-dist/tex/latex/xurl/xurl.sty
Package: xurl 2018/01/09 v 0.03 modify URL breaks
(/usr/local/texlive/2018/texmf-dist/tex/latex/url/url.sty
\Urlmuskip=\muskip11
Package: url 2013/09/16  ver 3.4  Verb mode for urls, etc.
)) (/usr/local/texlive/2018/texmf-dist/tex/latex/oberdiek/bookmark.sty
Package: bookmark 2016/05/17 v1.26 PDF bookmarks (HO)
(/usr/local/texlive/2018/texmf-dist/tex/generic/oberdiek/pdfescape.sty
Package: pdfescape 2016/05/16 v1.14 Implements pdfTeX's escape features (HO)
(/usr/local/texlive/2018/texmf-dist/tex/generic/oberdiek/ltxcmds.sty
Package: ltxcmds 2016/05/16 v1.23 LaTeX kernel commands for general use (HO)
) (/usr/local/texlive/2018/texmf-dist/tex/generic/oberdiek/pdftexcmds.sty
Package: pdftexcmds 2018/01/30 v0.27 Utility functions of pdfTeX for LuaTeX (HO
)
(/usr/local/texlive/2018/texmf-dist/tex/generic/oberdiek/infwarerr.sty
Package: infwarerr 2016/05/16 v1.4 Providing info/warning/error messages (HO)
) (/usr/local/texlive/2018/texmf-dist/tex/generic/oberdiek/ifpdf.sty
Package: ifpdf 2017/03/15 v3.2 Provides the ifpdf switch
)
Package pdftexcmds Info: LuaTeX not detected.
Package pdftexcmds Info: \pdf@primitive is available.
Package pdftexcmds Info: \pdf@ifprimitive is available.
Package pdftexcmds Info: \pdfdraftmode found.
)) (/usr/local/texlive/2018/texmf-dist/tex/generic/oberdiek/ifvtex.sty
Package: ifvtex 2016/05/16 v1.6 Detect VTeX and its facilities (HO)
Package ifvtex Info: VTeX not detected.
) (/usr/local/texlive/2018/texmf-dist/tex/latex/hyperref/hyperref.sty
Package: hyperref 2018/02/06 v6.86b Hypertext links for LaTeX
(/usr/local/texlive/2018/texmf-dist/tex/generic/oberdiek/hobsub-hyperref.sty
Package: hobsub-hyperref 2016/05/16 v1.14 Bundle oberdiek, subset hyperref (HO)

(/usr/local/texlive/2018/texmf-dist/tex/generic/oberdiek/hobsub-generic.sty
Package: hobsub-generic 2016/05/16 v1.14 Bundle oberdiek, subset generic (HO)
Package: hobsub 2016/05/16 v1.14 Construct package bundles (HO)
Package hobsub Info: Skipping package `infwarerr' (already loaded).
Package hobsub Info: Skipping package `ltxcmds' (already loaded).
Package hobsub Info: Skipping package `ifluatex' (already loaded).
Package hobsub Info: Skipping package `ifvtex' (already loaded).
Package: intcalc 2016/05/16 v1.2 Expandable calculations with integers (HO)
Package hobsub Info: Skipping package `ifpdf' (already loaded).
Package: etexcmds 2016/05/16 v1.6 Avoid name clashes with e-TeX commands (HO)
Package etexcmds Info: Could not find \expanded.
(etexcmds)             That can mean that you are not using pdfTeX 1.50 or
(etexcmds)             that some package has redefined \expanded.
(etexcmds)             In the latter case, load this package earlier.
Package: kvsetkeys 2016/05/16 v1.17 Key value parser (HO)
Package: kvdefinekeys 2016/05/16 v1.4 Define keys (HO)
Package hobsub Info: Skipping package `pdftexcmds' (already loaded).
Package hobsub Info: Skipping package `pdfescape' (already loaded).
Package: bigintcalc 2016/05/16 v1.4 Expandable calculations on big integers (HO
)
Package: bitset 2016/05/16 v1.2 Handle bit-vector datatype (HO)
Package: uniquecounter 2016/05/16 v1.3 Provide unlimited unique counter (HO)
)
Package hobsub Info: Skipping package `hobsub' (already loaded).
Package: letltxmacro 2016/05/16 v1.5 Let assignment for LaTeX macros (HO)
Package: hopatch 2016/05/16 v1.3 Wrapper for package hooks (HO)
Package: xcolor-patch 2016/05/16 xcolor patch
Package: atveryend 2016/05/16 v1.9 Hooks at the very end of document (HO)
Package atveryend Info: \enddocument detected (standard20110627).
Package: atbegshi 2016/06/09 v1.18 At begin shipout hook (HO)
Package: refcount 2016/05/16 v3.5 Data extraction from label references (HO)
Package: hycolor 2016/05/16 v1.8 Color options for hyperref/bookmark (HO)
) (/usr/local/texlive/2018/texmf-dist/tex/latex/oberdiek/auxhook.sty
Package: auxhook 2016/05/16 v1.4 Hooks for auxiliary files (HO)
) (/usr/local/texlive/2018/texmf-dist/tex/latex/oberdiek/kvoptions.sty
Package: kvoptions 2016/05/16 v3.12 Key value format for package options (HO)
)
\@linkdim=\dimen113
\Hy@linkcounter=\count102
\Hy@pagecounter=\count103
(/usr/local/texlive/2018/texmf-dist/tex/latex/hyperref/pd1enc.def
File: pd1enc.def 2018/02/06 v6.86b Hyperref: PDFDocEncoding definition (HO)
Now handling font encoding PD1 ...
... no UTF-8 mapping file for font encoding PD1
)
\Hy@SavedSpaceFactor=\count104
(/usr/local/texlive/2018/texmf-dist/tex/latex/latexconfig/hyperref.cfg
File: hyperref.cfg 2002/06/06 v1.2 hyperref configuration of TeXLive
)
Package hyperref Info: Option `unicode' set `true' on input line 4383.
(/usr/local/texlive/2018/texmf-dist/tex/latex/hyperref/puenc.def
File: puenc.def 2018/02/06 v6.86b Hyperref: PDF Unicode definition (HO)
Now handling font encoding PU ...
... no UTF-8 mapping file for font encoding PU
)
Package hyperref Info: Hyper figures OFF on input line 4509.
Package hyperref Info: Link nesting OFF on input line 4514.
Package hyperref Info: Hyper index ON on input line 4517.
Package hyperref Info: Plain pages OFF on input line 4524.
Package hyperref Info: Backreferencing OFF on input line 4529.
Package hyperref Info: Implicit mode ON; LaTeX internals redefined.
Package hyperref Info: Bookmarks ON on input line 4762.
\c@Hy@tempcnt=\count105
LaTeX Info: Redefining \url on input line 5115.
\XeTeXLinkMargin=\dimen114
\Fld@menulength=\count106
\Field@Width=\dimen115
\Fld@charsize=\dimen116
Package hyperref Info: Hyper figures OFF on input line 6369.
Package hyperref Info: Link nesting OFF on input line 6374.
Package hyperref Info: Hyper index ON on input line 6377.
Package hyperref Info: backreferencing OFF on input line 6384.
Package hyperref Info: Link coloring OFF on input line 6389.
Package hyperref Info: Link coloring with OCG OFF on input line 6394.
Package hyperref Info: PDF/A mode OFF on input line 6399.
LaTeX Info: Redefining \ref on input line 6439.
LaTeX Info: Redefining \pageref on input line 6443.
\Hy@abspage=\count107
\c@Item=\count108
\c@Hfootnote=\count109
)
Package hyperref Info: Driver (autodetected): hpdftex.
(/usr/local/texlive/2018/texmf-dist/tex/latex/hyperref/hpdftex.def
File: hpdftex.def 2018/02/06 v6.86b Hyperref driver for pdfTeX
\Fld@listcount=\count110
\c@bookmark@seq@number=\count111
(/usr/local/texlive/2018/texmf-dist/tex/latex/oberdiek/rerunfilecheck.sty
Package: rerunfilecheck 2016/05/16 v1.8 Rerun checks for auxiliary files (HO)
Package uniquecounter Info: New unique counter `rerunfilecheck' on input line 2
82.
)
\Hy@SectionHShift=\skip47
) (/usr/local/texlive/2018/texmf-dist/tex/latex/oberdiek/bkm-pdftex.def
File: bkm-pdftex.def 2016/05/17 v1.26 bookmark driver for pdfTeX (HO)
\BKM@id=\count112
)) (/usr/local/texlive/2018/texmf-dist/tex/latex/geometry/geometry.sty
Package: geometry 2018/03/24 v5.7 Page Geometry
\Gm@cnth=\count113
\Gm@cntv=\count114
\c@Gm@tempcnt=\count115
\Gm@bindingoffset=\dimen117
\Gm@wd@mp=\dimen118
\Gm@odd@mp=\dimen119
\Gm@even@mp=\dimen120
\Gm@layoutwidth=\dimen121
\Gm@layoutheight=\dimen122
\Gm@layouthoffset=\dimen123
\Gm@layoutvoffset=\dimen124
\Gm@dimlist=\toks24
) (/usr/local/texlive/2018/texmf-dist/tex/latex/fancyvrb/fancyvrb.sty
Package: fancyvrb 2008/02/07

Style option: `fancyvrb' v2.7a, with DG/SPQR fixes, and firstline=lastline fix 
<2008/02/07> (tvz)
\FV@CodeLineNo=\count116
\FV@InFile=\read1
\FV@TabBox=\box28
\c@FancyVerbLine=\count117
\FV@StepNumber=\count118
\FV@OutFile=\write3
) (/usr/local/texlive/2018/texmf-dist/tex/latex/framed/framed.sty
Package: framed 2011/10/22 v 0.96: framed or shaded text with page breaks
\OuterFrameSep=\skip48
\fb@frw=\dimen125
\fb@frh=\dimen126
\FrameRule=\dimen127
\FrameSep=\dimen128
) (/usr/local/texlive/2018/texmf-dist/tex/latex/tools/longtable.sty
Package: longtable 2014/10/28 v4.11 Multi-page Table package (DPC)
\LTleft=\skip49
\LTright=\skip50
\LTpre=\skip51
\LTpost=\skip52
\LTchunksize=\count119
\LTcapwidth=\dimen129
\LT@head=\box29
\LT@firsthead=\box30
\LT@foot=\box31
\LT@lastfoot=\box32
\LT@cols=\count120
\LT@rows=\count121
\c@LT@tables=\count122
\c@LT@chunks=\count123
\LT@p@ftn=\toks25
) (/usr/local/texlive/2018/texmf-dist/tex/latex/booktabs/booktabs.sty
Package: booktabs 2016/04/27 v1.618033 publication quality tables
\heavyrulewidth=\dimen130
\lightrulewidth=\dimen131
\cmidrulewidth=\dimen132
\belowrulesep=\dimen133
\belowbottomsep=\dimen134
\aboverulesep=\dimen135
\abovetopsep=\dimen136
\cmidrulesep=\dimen137
\cmidrulekern=\dimen138
\defaultaddspace=\dimen139
\@cmidla=\count124
\@cmidlb=\count125
\@aboverulesep=\dimen140
\@belowrulesep=\dimen141
\@thisruleclass=\count126
\@lastruleclass=\count127
\@thisrulewidth=\dimen142
) (/usr/local/texlive/2018/texmf-dist/tex/latex/etoolbox/etoolbox.sty
Package: etoolbox 2018/02/11 v2.5e e-TeX tools for LaTeX (JAW)
\etb@tempcnta=\count128
) (/usr/local/texlive/2018/texmf-dist/tex/latex/footnotehyper/footnotehyper.sty
Package: footnotehyper 2018/01/23 v1.1 hyperref aware footnote.sty (JFB)
\FNH@notes=\box33
\FNH@width=\dimen143
) (/usr/local/texlive/2018/texmf-dist/tex/latex/graphics/graphicx.sty
Package: graphicx 2017/06/01 v1.1a Enhanced LaTeX Graphics (DPC,SPQR)
(/usr/local/texlive/2018/texmf-dist/tex/latex/graphics/graphics.sty
Package: graphics 2017/06/25 v1.2c Standard LaTeX Graphics (DPC,SPQR)
(/usr/local/texlive/2018/texmf-dist/tex/latex/graphics/trig.sty
Package: trig 2016/01/03 v1.10 sin cos tan (DPC)
) (/usr/local/texlive/2018/texmf-dist/tex/latex/graphics-cfg/graphics.cfg
File: graphics.cfg 2016/06/04 v1.11 sample graphics configuration
)
Package graphics Info: Driver file: pdftex.def on input line 99.
)
\Gin@req@height=\dimen144
\Gin@req@width=\dimen145
) (/usr/local/texlive/2018/texmf-dist/tex/latex/oberdiek/grffile.sty
Package: grffile 2017/06/30 v1.18 Extended file name support for graphics (HO)
Package grffile Info: Option `multidot' is set to `true'.
Package grffile Info: Option `extendedchars' is set to `false'.
Package grffile Info: Option `space' is set to `true'.
Package grffile Info: \Gin@ii of package `graphicx' fixed on input line 494.
) (/usr/local/texlive/2018/texmf-dist/tex/generic/ulem/ulem.sty
\UL@box=\box34
\UL@hyphenbox=\box35
\UL@skip=\skip53
\UL@hook=\toks26
\UL@height=\dimen146
\UL@pe=\count129
\UL@pixel=\dimen147
\ULC@box=\box36
Package: ulem 2012/05/18
\ULdepth=\dimen148
)
No file epi_curious.aux.
\openout1 = `epi_curious.aux'.

LaTeX Font Info:    Checking defaults for OML/cmm/m/it on input line 119.
LaTeX Font Info:    ... okay on input line 119.
LaTeX Font Info:    Checking defaults for T1/cmr/m/n on input line 119.
LaTeX Font Info:    ... okay on input line 119.
LaTeX Font Info:    Checking defaults for OT1/cmr/m/n on input line 119.
LaTeX Font Info:    ... okay on input line 119.
LaTeX Font Info:    Checking defaults for OMS/cmsy/m/n on input line 119.
LaTeX Font Info:    ... okay on input line 119.
LaTeX Font Info:    Checking defaults for OMX/cmex/m/n on input line 119.
LaTeX Font Info:    ... okay on input line 119.
LaTeX Font Info:    Checking defaults for U/cmr/m/n on input line 119.
LaTeX Font Info:    ... okay on input line 119.
LaTeX Font Info:    Checking defaults for TS1/cmr/m/n on input line 119.
LaTeX Font Info:    Try loading font information for TS1+cmr on input line 119.

(/usr/local/texlive/2018/texmf-dist/tex/latex/base/ts1cmr.fd
File: ts1cmr.fd 2014/09/29 v2.5h Standard LaTeX font definitions
)
LaTeX Font Info:    ... okay on input line 119.
LaTeX Font Info:    Checking defaults for PD1/pdf/m/n on input line 119.
LaTeX Font Info:    ... okay on input line 119.
LaTeX Font Info:    Checking defaults for PU/pdf/m/n on input line 119.
LaTeX Font Info:    ... okay on input line 119.
LaTeX Font Info:    Try loading font information for T1+lmr on input line 119.
(/usr/local/texlive/2018/texmf-dist/tex/latex/lm/t1lmr.fd
File: t1lmr.fd 2009/10/30 v1.6 Font defs for Latin Modern
)
LaTeX Info: Redefining \microtypecontext on input line 119.
Package microtype Info: Generating PDF output.
Package microtype Info: Character protrusion enabled (level 2).
Package microtype Info: Using protrusion set `basicmath'.
Package microtype Info: Automatic font expansion enabled (level 2),
(microtype)             stretch: 20, shrink: 20, step: 1, non-selected.
Package microtype Info: Using default expansion set `basictext'.
Package microtype Info: No adjustment of tracking.
Package microtype Info: No adjustment of interword spacing.
Package microtype Info: No adjustment of character kerning.
(/usr/local/texlive/2018/texmf-dist/tex/latex/microtype/mt-cmr.cfg
File: mt-cmr.cfg 2013/05/19 v2.2 microtype config. file: Computer Modern Roman 
(RS)
) (/usr/local/texlive/2018/texmf-dist/tex/context/base/mkii/supp-pdf.mkii
[Loading MPS to PDF converter (version 2006.09.02).]
\scratchcounter=\count130
\scratchdimen=\dimen149
\scratchbox=\box37
\nofMPsegments=\count131
\nofMParguments=\count132
\everyMPshowfont=\toks27
\MPscratchCnt=\count133
\MPscratchDim=\dimen150
\MPnumerator=\count134
\makeMPintoPDFobject=\count135
\everyMPtoPDFconversion=\toks28
) (/usr/local/texlive/2018/texmf-dist/tex/latex/oberdiek/epstopdf-base.sty
Package: epstopdf-base 2016/05/15 v2.6 Base part for package epstopdf
(/usr/local/texlive/2018/texmf-dist/tex/latex/oberdiek/grfext.sty
Package: grfext 2016/05/16 v1.2 Manage graphics extensions (HO)
)
Package epstopdf-base Info: Redefining graphics rule for `.eps' on input line 4
38.
Package grfext Info: Graphics extension search list:
(grfext)             [.pdf,.png,.jpg,.mps,.jpeg,.jbig2,.jb2,.PDF,.PNG,.JPG,.JPE
G,.JBIG2,.JB2,.eps]
(grfext)             \AppendGraphicsExtensions on input line 456.
(/usr/local/texlive/2018/texmf-dist/tex/latex/latexconfig/epstopdf-sys.cfg
File: epstopdf-sys.cfg 2010/07/13 v1.3 Configuration of (r)epstopdf for TeX Liv
e
))
\AtBeginShipoutBox=\box38
Package hyperref Info: Link coloring OFF on input line 119.
(/usr/local/texlive/2018/texmf-dist/tex/latex/hyperref/nameref.sty
Package: nameref 2016/05/21 v2.44 Cross-referencing by name of section
(/usr/local/texlive/2018/texmf-dist/tex/generic/oberdiek/gettitlestring.sty
Package: gettitlestring 2016/05/16 v1.5 Cleanup title references (HO)
)
\c@section@level=\count136
)
LaTeX Info: Redefining \ref on input line 119.
LaTeX Info: Redefining \pageref on input line 119.
LaTeX Info: Redefining \nameref on input line 119.
*geometry* driver: auto-detecting
*geometry* detected driver: pdftex
*geometry* verbose mode - [ preamble ] result:
* driver: pdftex
* paper: <default>
* layout: <same size as paper>
* layoutoffset:(h,v)=(0.0pt,0.0pt)
* modes: 
* h-part:(L,W,R)=(72.26999pt, 469.75502pt, 72.26999pt)
* v-part:(T,H,B)=(72.26999pt, 650.43001pt, 72.26999pt)
* \paperwidth=614.295pt
* \paperheight=794.96999pt
* \textwidth=469.75502pt
* \textheight=650.43001pt
* \oddsidemargin=0.0pt
* \evensidemargin=0.0pt
* \topmargin=-37.0pt
* \headheight=12.0pt
* \headsep=25.0pt
* \topskip=10.0pt
* \footskip=30.0pt
* \marginparwidth=65.0pt
* \marginparsep=11.0pt
* \columnsep=10.0pt
* \skip\footins=9.0pt plus 4.0pt minus 2.0pt
* \hoffset=0.0pt
* \voffset=0.0pt
* \mag=1000
* \@twocolumnfalse
* \@twosidefalse
* \@mparswitchfalse
* \@reversemarginfalse
* (1in=72.27pt=25.4mm, 1cm=28.453pt)

LaTeX Font Info:    Try loading font information for OT1+lmr on input line 121.

(/usr/local/texlive/2018/texmf-dist/tex/latex/lm/ot1lmr.fd
File: ot1lmr.fd 2009/10/30 v1.6 Font defs for Latin Modern
)
LaTeX Font Info:    Try loading font information for OML+lmm on input line 121.

(/usr/local/texlive/2018/texmf-dist/tex/latex/lm/omllmm.fd
File: omllmm.fd 2009/10/30 v1.6 Font defs for Latin Modern
)
LaTeX Font Info:    Try loading font information for OMS+lmsy on input line 121
.
(/usr/local/texlive/2018/texmf-dist/tex/latex/lm/omslmsy.fd
File: omslmsy.fd 2009/10/30 v1.6 Font defs for Latin Modern
)
LaTeX Font Info:    Try loading font information for OMX+lmex on input line 121
.
(/usr/local/texlive/2018/texmf-dist/tex/latex/lm/omxlmex.fd
File: omxlmex.fd 2009/10/30 v1.6 Font defs for Latin Modern
)
LaTeX Font Info:    External font `lmex10' loaded for size
(Font)              <12> on input line 121.
LaTeX Font Info:    External font `lmex10' loaded for size
(Font)              <8> on input line 121.
LaTeX Font Info:    External font `lmex10' loaded for size
(Font)              <6> on input line 121.
LaTeX Font Info:    Try loading font information for U+msa on input line 121.
(/usr/local/texlive/2018/texmf-dist/tex/latex/amsfonts/umsa.fd
File: umsa.fd 2013/01/14 v3.01 AMS symbols A
) (/usr/local/texlive/2018/texmf-dist/tex/latex/microtype/mt-msa.cfg
File: mt-msa.cfg 2006/02/04 v1.1 microtype config. file: AMS symbols (a) (RS)
)
LaTeX Font Info:    Try loading font information for U+msb on input line 121.
(/usr/local/texlive/2018/texmf-dist/tex/latex/amsfonts/umsb.fd
File: umsb.fd 2013/01/14 v3.01 AMS symbols B
) (/usr/local/texlive/2018/texmf-dist/tex/latex/microtype/mt-msb.cfg
File: mt-msb.cfg 2005/06/01 v1.0 microtype config. file: AMS symbols (b) (RS)
)
\tf@toc=\write4
\openout4 = `epi_curious.toc'.

LaTeX Font Info:    Try loading font information for T1+lmtt on input line 127.

(/usr/local/texlive/2018/texmf-dist/tex/latex/lm/t1lmtt.fd
File: t1lmtt.fd 2009/10/30 v1.6 Font defs for Latin Modern
)
LaTeX Font Info:    Font shape `T1/lmtt/bx/n' in size <10> not available
(Font)              Font shape `T1/lmtt/b/n' tried instead on input line 128.
LaTeX Font Info:    Try loading font information for TS1+lmr on input line 150.

(/usr/local/texlive/2018/texmf-dist/tex/latex/lm/ts1lmr.fd
File: ts1lmr.fd 2009/10/30 v1.6 Font defs for Latin Modern
)
LaTeX Font Info:    External font `lmex10' loaded for size
(Font)              <10> on input line 192.
LaTeX Font Info:    External font `lmex10' loaded for size
(Font)              <7> on input line 192.
LaTeX Font Info:    External font `lmex10' loaded for size
(Font)              <5> on input line 192.

Overfull \hbox (709.0857pt too wide) in paragraph at lines 194--195
[][]$\T1/lmr/m/n/10 (-20) h t t p s : / / m e d i u m . c o m / a n a l y t i c
s -[] v i d h y a / b a s i c s -[] of -[] f o r e c a st -[] a c c u r a cy -[
] d b 7 0 4 b 0 b 0 0 1 b #$[]:~:text=A%20simple%20measure%20of%20forecast,know
n%20as%20Mean%20Forecast%20Error.&text=The%20MFE%20for%20this%20forecasting,mor
e%20than%20the%20forecast%20values. 
 []

[1

{/usr/local/texlive/2018/texmf-var/fonts/map/pdftex/updmap/pdftex.map}] [2]
</Users/annakawiecki/Documents/epi/workshops/akawiecki_pubs/pubs/DAG/notes scre
enshots/Screen Shot 2020-12-02 at 13.35.40.png, id=51, 783.92876pt x 597.23125p
t>
File: /Users/annakawiecki/Documents/epi/workshops/akawiecki_pubs/pubs/DAG/notes
 screenshots/Screen Shot 2020-12-02 at 13.35.40.png Graphic file (type png)
<use /Users/annakawiecki/Documents/epi/workshops/akawiecki_pubs/pubs/DAG/notes 
screenshots/Screen Shot 2020-12-02 at 13.35.40.png>
Package pdftex.def Info: /Users/annakawiecki/Documents/epi/workshops/akawiecki_
pubs/pubs/DAG/notes screenshots/Screen Shot 2020-12-02 at 13.35.40.png  used on
 input line 339.
(pdftex.def)             Requested size: 469.7628pt x 357.88586pt.
[3] [4 </Users/annakawiecki/Documents/epi/workshops/akawiecki_pubs/pubs/DAG/not
es screenshots/Screen Shot 2020-12-02 at 13.35.40.png>]
</Users/annakawiecki/Documents/epi/workshops/akawiecki_pubs/pubs/DAG/notes scre
enshots/Screen Shot 2020-12-02 at 13.04.03.png, id=69, 857.2025pt x 532.99126pt
>
File: /Users/annakawiecki/Documents/epi/workshops/akawiecki_pubs/pubs/DAG/notes
 screenshots/Screen Shot 2020-12-02 at 13.04.03.png Graphic file (type png)
<use /Users/annakawiecki/Documents/epi/workshops/akawiecki_pubs/pubs/DAG/notes 
screenshots/Screen Shot 2020-12-02 at 13.04.03.png>
Package pdftex.def Info: /Users/annakawiecki/Documents/epi/workshops/akawiecki_
pubs/pubs/DAG/notes screenshots/Screen Shot 2020-12-02 at 13.04.03.png  used on
 input line 419.
(pdftex.def)             Requested size: 469.74937pt x 292.0807pt.
</Users/annakawiecki/Documents/epi/workshops/akawiecki_pubs/pubs/DAG/notes scre
enshots/Screen Shot 2020-12-02 at 13.08.05.png, id=70, 521.95pt x 293.095pt>
File: /Users/annakawiecki/Documents/epi/workshops/akawiecki_pubs/pubs/DAG/notes
 screenshots/Screen Shot 2020-12-02 at 13.08.05.png Graphic file (type png)
<use /Users/annakawiecki/Documents/epi/workshops/akawiecki_pubs/pubs/DAG/notes 
screenshots/Screen Shot 2020-12-02 at 13.08.05.png>
Package pdftex.def Info: /Users/annakawiecki/Documents/epi/workshops/akawiecki_
pubs/pubs/DAG/notes screenshots/Screen Shot 2020-12-02 at 13.08.05.png  used on
 input line 439.
(pdftex.def)             Requested size: 469.75862pt x 263.78752pt.
[5] [6 </Users/annakawiecki/Documents/epi/workshops/akawiecki_pubs/pubs/DAG/not
es screenshots/Screen Shot 2020-12-02 at 13.04.03.png> </Users/annakawiecki/Doc
uments/epi/workshops/akawiecki_pubs/pubs/DAG/notes screenshots/Screen Shot 2020
-12-02 at 13.08.05.png>]
</Users/annakawiecki/Documents/epi/workshops/akawiecki_pubs/pubs/DAG/notes scre
enshots/Gordis Epidemiology 5th se.jpg, id=94, 1091.07625pt x 1542.76375pt>
File: /Users/annakawiecki/Documents/epi/workshops/akawiecki_pubs/pubs/DAG/notes
 screenshots/Gordis Epidemiology 5th se.jpg Graphic file (type jpg)
<use /Users/annakawiecki/Documents/epi/workshops/akawiecki_pubs/pubs/DAG/notes 
screenshots/Gordis Epidemiology 5th se.jpg>
Package pdftex.def Info: /Users/annakawiecki/Documents/epi/workshops/akawiecki_
pubs/pubs/DAG/notes screenshots/Gordis Epidemiology 5th se.jpg  used on input l
ine 536.
(pdftex.def)             Requested size: 459.997pt x 650.42813pt.

Underfull \hbox (badness 10000) in paragraph at lines 536--540
[][]
 []

[7] [8 </Users/annakawiecki/Documents/epi/workshops/akawiecki_pubs/pubs/DAG/not
es screenshots/Gordis Epidemiology 5th se.jpg>]
</Users/annakawiecki/Documents/epi/workshops/akawiecki_pubs/pubs/DAG/notes scre
enshots/Screen Shot 2020-12-09 at 17.18.14.png, id=114, 538.01pt x 322.20375pt>

File: /Users/annakawiecki/Documents/epi/workshops/akawiecki_pubs/pubs/DAG/notes
 screenshots/Screen Shot 2020-12-09 at 17.18.14.png Graphic file (type png)
<use /Users/annakawiecki/Documents/epi/workshops/akawiecki_pubs/pubs/DAG/notes 
screenshots/Screen Shot 2020-12-09 at 17.18.14.png>
Package pdftex.def Info: /Users/annakawiecki/Documents/epi/workshops/akawiecki_
pubs/pubs/DAG/notes screenshots/Screen Shot 2020-12-09 at 17.18.14.png  used on
 input line 584.
(pdftex.def)             Requested size: 469.75604pt x 281.32777pt.
[9 </Users/annakawiecki/Documents/epi/workshops/akawiecki_pubs/pubs/DAG/notes s
creenshots/Screen Shot 2020-12-09 at 17.18.14.png>]
</Users/annakawiecki/Documents/epi/workshops/akawiecki_pubs/pubs/DAG/notes scre
enshots/Screen Shot 2020-12-09 at 16.24.46.png, id=123, 436.63126pt x 509.905pt
>
File: /Users/annakawiecki/Documents/epi/workshops/akawiecki_pubs/pubs/DAG/notes
 screenshots/Screen Shot 2020-12-09 at 16.24.46.png Graphic file (type png)
<use /Users/annakawiecki/Documents/epi/workshops/akawiecki_pubs/pubs/DAG/notes 
screenshots/Screen Shot 2020-12-09 at 16.24.46.png>
Package pdftex.def Info: /Users/annakawiecki/Documents/epi/workshops/akawiecki_
pubs/pubs/DAG/notes screenshots/Screen Shot 2020-12-09 at 16.24.46.png  used on
 input line 653.
(pdftex.def)             Requested size: 436.63019pt x 509.90375pt.
</Users/annakawiecki/Documents/epi/workshops/akawiecki_pubs/pubs/DAG/notes scre
enshots/Screen Shot 2020-12-09 at 16.23.06.png, id=124, 882.29625pt x 672.5125p
t>
File: /Users/annakawiecki/Documents/epi/workshops/akawiecki_pubs/pubs/DAG/notes
 screenshots/Screen Shot 2020-12-09 at 16.23.06.png Graphic file (type png)
<use /Users/annakawiecki/Documents/epi/workshops/akawiecki_pubs/pubs/DAG/notes 
screenshots/Screen Shot 2020-12-09 at 16.23.06.png>
Package pdftex.def Info: /Users/annakawiecki/Documents/epi/workshops/akawiecki_
pubs/pubs/DAG/notes screenshots/Screen Shot 2020-12-09 at 16.23.06.png  used on
 input line 679.
(pdftex.def)             Requested size: 469.75536pt x 358.06154pt.
[10] [11 </Users/annakawiecki/Documents/epi/workshops/akawiecki_pubs/pubs/DAG/n
otes screenshots/Screen Shot 2020-12-09 at 16.24.46.png>] [12 </Users/annakawie
cki/Documents/epi/workshops/akawiecki_pubs/pubs/DAG/notes screenshots/Screen Sh
ot 2020-12-09 at 16.23.06.png>]

Package longtable Warning: Column widths have changed
(longtable)                in table 2 on input line 704.

</Users/annakawiecki/Documents/epi/workshops/akawiecki_pubs/pubs/DAG/notes scre
enshots/Screen Shot 2020-12-09 at 17.29.35.png, id=152, 798.985pt x 670.505pt>
File: /Users/annakawiecki/Documents/epi/workshops/akawiecki_pubs/pubs/DAG/notes
 screenshots/Screen Shot 2020-12-09 at 17.29.35.png Graphic file (type png)
<use /Users/annakawiecki/Documents/epi/workshops/akawiecki_pubs/pubs/DAG/notes 
screenshots/Screen Shot 2020-12-09 at 17.29.35.png>
Package pdftex.def Info: /Users/annakawiecki/Documents/epi/workshops/akawiecki_
pubs/pubs/DAG/notes screenshots/Screen Shot 2020-12-09 at 17.29.35.png  used on
 input line 740.
(pdftex.def)             Requested size: 469.7634pt x 394.22356pt.
[13] [14 </Users/annakawiecki/Documents/epi/workshops/akawiecki_pubs/pubs/DAG/n
otes screenshots/Screen Shot 2020-12-09 at 17.29.35.png>]
</Users/annakawiecki/Documents/epi/workshops/akawiecki_pubs/pubs/DAG/notes scre
enshots/Screen Shot 2020-12-09 at 18.06.46.png, id=176, 731.73375pt x 382.42876
pt>
File: /Users/annakawiecki/Documents/epi/workshops/akawiecki_pubs/pubs/DAG/notes
 screenshots/Screen Shot 2020-12-09 at 18.06.46.png Graphic file (type png)
<use /Users/annakawiecki/Documents/epi/workshops/akawiecki_pubs/pubs/DAG/notes 
screenshots/Screen Shot 2020-12-09 at 18.06.46.png>
Package pdftex.def Info: /Users/annakawiecki/Documents/epi/workshops/akawiecki_
pubs/pubs/DAG/notes screenshots/Screen Shot 2020-12-09 at 18.06.46.png  used on
 input line 801.
(pdftex.def)             Requested size: 469.75949pt x 245.51216pt.
[15 </Users/annakawiecki/Documents/epi/workshops/akawiecki_pubs/pubs/DAG/notes 
screenshots/Screen Shot 2020-12-09 at 18.06.46.png>]
</Users/annakawiecki/Documents/epi/workshops/akawiecki_pubs/pubs/DAG/notes scre
enshots/Screen Shot 2020-12-09 at 18.27.34.png, id=185, 716.6775pt x 418.56375p
t>
File: /Users/annakawiecki/Documents/epi/workshops/akawiecki_pubs/pubs/DAG/notes
 screenshots/Screen Shot 2020-12-09 at 18.27.34.png Graphic file (type png)
<use /Users/annakawiecki/Documents/epi/workshops/akawiecki_pubs/pubs/DAG/notes 
screenshots/Screen Shot 2020-12-09 at 18.27.34.png>
Package pdftex.def Info: /Users/annakawiecki/Documents/epi/workshops/akawiecki_
pubs/pubs/DAG/notes screenshots/Screen Shot 2020-12-09 at 18.27.34.png  used on
 input line 872.
(pdftex.def)             Requested size: 469.76074pt x 274.35605pt.
</Users/annakawiecki/Documents/epi/workshops/akawiecki_pubs/pubs/DAG/notes scre
enshots/Screen Shot 2020-12-09 at 18.34.40.png, id=186, 706.64pt x 746.79pt>
File: /Users/annakawiecki/Documents/epi/workshops/akawiecki_pubs/pubs/DAG/notes
 screenshots/Screen Shot 2020-12-09 at 18.34.40.png Graphic file (type png)
<use /Users/annakawiecki/Documents/epi/workshops/akawiecki_pubs/pubs/DAG/notes 
screenshots/Screen Shot 2020-12-09 at 18.34.40.png>
Package pdftex.def Info: /Users/annakawiecki/Documents/epi/workshops/akawiecki_
pubs/pubs/DAG/notes screenshots/Screen Shot 2020-12-09 at 18.34.40.png  used on
 input line 896.
(pdftex.def)             Requested size: 469.75874pt x 496.44957pt.
[16 </Users/annakawiecki/Documents/epi/workshops/akawiecki_pubs/pubs/DAG/notes 
screenshots/Screen Shot 2020-12-09 at 18.27.34.png>]
</Users/annakawiecki/Documents/epi/workshops/akawiecki_pubs/pubs/DAG/notes scre
enshots/Screen Shot 2020-12-09 at 18.47.04.png, id=193, 709.65125pt x 765.86125
pt>
File: /Users/annakawiecki/Documents/epi/workshops/akawiecki_pubs/pubs/DAG/notes
 screenshots/Screen Shot 2020-12-09 at 18.47.04.png Graphic file (type png)
<use /Users/annakawiecki/Documents/epi/workshops/akawiecki_pubs/pubs/DAG/notes 
screenshots/Screen Shot 2020-12-09 at 18.47.04.png>
Package pdftex.def Info: /Users/annakawiecki/Documents/epi/workshops/akawiecki_
pubs/pubs/DAG/notes screenshots/Screen Shot 2020-12-09 at 18.47.04.png  used on
 input line 903.
(pdftex.def)             Requested size: 469.76813pt x 506.9775pt.
[17 </Users/annakawiecki/Documents/epi/workshops/akawiecki_pubs/pubs/DAG/notes 
screenshots/Screen Shot 2020-12-09 at 18.34.40.png>] [18 </Users/annakawiecki/D
ocuments/epi/workshops/akawiecki_pubs/pubs/DAG/notes screenshots/Screen Shot 20
20-12-09 at 18.47.04.png>]
<epi_curious_files/figure-latex/dag causal 1-1.pdf, id=206, 416.55624pt x 37.13
875pt>
File: epi_curious_files/figure-latex/dag causal 1-1.pdf Graphic file (type pdf)

<use epi_curious_files/figure-latex/dag causal 1-1.pdf>
Package pdftex.def Info: epi_curious_files/figure-latex/dag causal 1-1.pdf  use
d on input line 978.
(pdftex.def)             Requested size: 416.57428pt x 37.14035pt.
<epi_curious_files/figure-latex/dag spurious 1-1.pdf, id=207, 416.55624pt x 296
.10625pt>
File: epi_curious_files/figure-latex/dag spurious 1-1.pdf Graphic file (type pd
f)
<use epi_curious_files/figure-latex/dag spurious 1-1.pdf>
Package pdftex.def Info: epi_curious_files/figure-latex/dag spurious 1-1.pdf  u
sed on input line 989.
(pdftex.def)             Requested size: 416.56793pt x 296.11455pt.
[19 <./epi_curious_files/figure-latex/dag causal 1-1.pdf>]
<epi_curious_files/figure-latex/dag3 1-1.pdf, id=227, 416.55624pt x 296.10625pt
>
File: epi_curious_files/figure-latex/dag3 1-1.pdf Graphic file (type pdf)
<use epi_curious_files/figure-latex/dag3 1-1.pdf>
Package pdftex.def Info: epi_curious_files/figure-latex/dag3 1-1.pdf  used on i
nput line 997.
(pdftex.def)             Requested size: 416.56793pt x 296.11455pt.
[20 <./epi_curious_files/figure-latex/dag spurious 1-1.pdf> <./epi_curious_file
s/figure-latex/dag3 1-1.pdf>]
</Users/annakawiecki/Documents/epi/workshops/akawiecki_pubs/pubs/DAG/notes scre
enshots/Screen Shot 2020-12-03 at 13.31.01.png, id=247, 308.15125pt x 286.06876
pt>
File: /Users/annakawiecki/Documents/epi/workshops/akawiecki_pubs/pubs/DAG/notes
 screenshots/Screen Shot 2020-12-03 at 13.31.01.png Graphic file (type png)
<use /Users/annakawiecki/Documents/epi/workshops/akawiecki_pubs/pubs/DAG/notes 
screenshots/Screen Shot 2020-12-03 at 13.31.01.png>
Package pdftex.def Info: /Users/annakawiecki/Documents/epi/workshops/akawiecki_
pubs/pubs/DAG/notes screenshots/Screen Shot 2020-12-03 at 13.31.01.png  used on
 input line 1032.
(pdftex.def)             Requested size: 308.15518pt x 286.07242pt.
</Users/annakawiecki/Documents/epi/workshops/akawiecki_pubs/pubs/DAG/notes scre
enshots/Screen Shot 2020-12-03 at 13.31.41.png, id=248, 317.185pt x 411.5375pt>

File: /Users/annakawiecki/Documents/epi/workshops/akawiecki_pubs/pubs/DAG/notes
 screenshots/Screen Shot 2020-12-03 at 13.31.41.png Graphic file (type png)
<use /Users/annakawiecki/Documents/epi/workshops/akawiecki_pubs/pubs/DAG/notes 
screenshots/Screen Shot 2020-12-03 at 13.31.41.png>
Package pdftex.def Info: /Users/annakawiecki/Documents/epi/workshops/akawiecki_
pubs/pubs/DAG/notes screenshots/Screen Shot 2020-12-03 at 13.31.41.png  used on
 input line 1033.
(pdftex.def)             Requested size: 317.1842pt x 411.5365pt.

Overfull \hbox (157.80658pt too wide) in paragraph at lines 1032--1034
[][] [] 
 []

[21]
<epi_curious_files/figure-latex/direct-1.pdf, id=262, 416.55624pt x 37.13875pt>

File: epi_curious_files/figure-latex/direct-1.pdf Graphic file (type pdf)
<use epi_curious_files/figure-latex/direct-1.pdf>
Package pdftex.def Info: epi_curious_files/figure-latex/direct-1.pdf  used on i
nput line 1042.
(pdftex.def)             Requested size: 416.57428pt x 37.14035pt.
<epi_curious_files/figure-latex/indirect-1.pdf, id=263, 416.55624pt x 296.10625
pt>
File: epi_curious_files/figure-latex/indirect-1.pdf Graphic file (type pdf)
<use epi_curious_files/figure-latex/indirect-1.pdf>
Package pdftex.def Info: epi_curious_files/figure-latex/indirect-1.pdf  used on
 input line 1057.
(pdftex.def)             Requested size: 416.56793pt x 296.11455pt.
[22 </Users/annakawiecki/Documents/epi/workshops/akawiecki_pubs/pubs/DAG/notes 
screenshots/Screen Shot 2020-12-03 at 13.31.01.png> </Users/annakawiecki/Docume
nts/epi/workshops/akawiecki_pubs/pubs/DAG/notes screenshots/Screen Shot 2020-12
-03 at 13.31.41.png> <./epi_curious_files/figure-latex/direct-1.pdf>] [23 <./ep
i_curious_files/figure-latex/indirect-1.pdf>]
</Users/annakawiecki/Documents/epi/workshops/akawiecki_pubs/pubs/DAG/notes scre
enshots/Screen Shot 2020-12-02 at 13.46.37.png, id=311, 768.8725pt x 246.9225pt
>
File: /Users/annakawiecki/Documents/epi/workshops/akawiecki_pubs/pubs/DAG/notes
 screenshots/Screen Shot 2020-12-02 at 13.46.37.png Graphic file (type png)
<use /Users/annakawiecki/Documents/epi/workshops/akawiecki_pubs/pubs/DAG/notes 
screenshots/Screen Shot 2020-12-02 at 13.46.37.png>
Package pdftex.def Info: /Users/annakawiecki/Documents/epi/workshops/akawiecki_
pubs/pubs/DAG/notes screenshots/Screen Shot 2020-12-02 at 13.46.37.png  used on
 input line 1130.
(pdftex.def)             Requested size: 469.76239pt x 150.86362pt.

Package longtable Warning: Column widths have changed
(longtable)                in table 3 on input line 1162.

</Users/annakawiecki/Documents/epi/workshops/akawiecki_pubs/pubs/DAG/notes scre
enshots/Screen Shot 2020-12-02 at 13.51.02.png, id=312, 766.865pt x 347.2975pt>

File: /Users/annakawiecki/Documents/epi/workshops/akawiecki_pubs/pubs/DAG/notes
 screenshots/Screen Shot 2020-12-02 at 13.51.02.png Graphic file (type png)
<use /Users/annakawiecki/Documents/epi/workshops/akawiecki_pubs/pubs/DAG/notes 
screenshots/Screen Shot 2020-12-02 at 13.51.02.png>
Package pdftex.def Info: /Users/annakawiecki/Documents/epi/workshops/akawiecki_
pubs/pubs/DAG/notes screenshots/Screen Shot 2020-12-02 at 13.51.02.png  used on
 input line 1166.
(pdftex.def)             Requested size: 469.76451pt x 212.74675pt.
[24 </Users/annakawiecki/Documents/epi/workshops/akawiecki_pubs/pubs/DAG/notes 
screenshots/Screen Shot 2020-12-02 at 13.46.37.png>] [25 </Users/annakawiecki/D
ocuments/epi/workshops/akawiecki_pubs/pubs/DAG/notes screenshots/Screen Shot 20
20-12-02 at 13.51.02.png>]
</Users/annakawiecki/Documents/epi/workshops/akawiecki_pubs/pubs/DAG/notes scre
enshots/Screen Shot 2020-12-02 at 16.17.24.png, id=334, 442.65375pt x 257.96375
pt>
File: /Users/annakawiecki/Documents/epi/workshops/akawiecki_pubs/pubs/DAG/notes
 screenshots/Screen Shot 2020-12-02 at 16.17.24.png Graphic file (type png)
<use /Users/annakawiecki/Documents/epi/workshops/akawiecki_pubs/pubs/DAG/notes 
screenshots/Screen Shot 2020-12-02 at 16.17.24.png>
Package pdftex.def Info: /Users/annakawiecki/Documents/epi/workshops/akawiecki_
pubs/pubs/DAG/notes screenshots/Screen Shot 2020-12-02 at 16.17.24.png  used on
 input line 1223.
(pdftex.def)             Requested size: 442.67966pt x 257.97884pt.
</Users/annakawiecki/Documents/epi/workshops/akawiecki_pubs/pubs/DAG/notes scre
enshots/Screen Shot 2020-12-02 at 16.22.42.png, id=335, 750.805pt x 508.90125pt
>
File: /Users/annakawiecki/Documents/epi/workshops/akawiecki_pubs/pubs/DAG/notes
 screenshots/Screen Shot 2020-12-02 at 16.22.42.png Graphic file (type png)
<use /Users/annakawiecki/Documents/epi/workshops/akawiecki_pubs/pubs/DAG/notes 
screenshots/Screen Shot 2020-12-02 at 16.22.42.png>
Package pdftex.def Info: /Users/annakawiecki/Documents/epi/workshops/akawiecki_
pubs/pubs/DAG/notes screenshots/Screen Shot 2020-12-02 at 16.22.42.png  used on
 input line 1231.
(pdftex.def)             Requested size: 469.7675pt x 318.41193pt.
</Users/annakawiecki/Documents/epi/workshops/akawiecki_pubs/pubs/DAG/notes scre
enshots/Screen Shot 2020-12-03 at 10.47.42.png, id=336, 749.80125pt x 249.93375
pt>
File: /Users/annakawiecki/Documents/epi/workshops/akawiecki_pubs/pubs/DAG/notes
 screenshots/Screen Shot 2020-12-03 at 10.47.42.png Graphic file (type png)
<use /Users/annakawiecki/Documents/epi/workshops/akawiecki_pubs/pubs/DAG/notes 
screenshots/Screen Shot 2020-12-03 at 10.47.42.png>
Package pdftex.def Info: /Users/annakawiecki/Documents/epi/workshops/akawiecki_
pubs/pubs/DAG/notes screenshots/Screen Shot 2020-12-03 at 10.47.42.png  used on
 input line 1257.
(pdftex.def)             Requested size: 469.7573pt x 156.58575pt.
[26 </Users/annakawiecki/Documents/epi/workshops/akawiecki_pubs/pubs/DAG/notes 
screenshots/Screen Shot 2020-12-02 at 16.17.24.png>] [27 </Users/annakawiecki/D
ocuments/epi/workshops/akawiecki_pubs/pubs/DAG/notes screenshots/Screen Shot 20
20-12-02 at 16.22.42.png> </Users/annakawiecki/Documents/epi/workshops/akawieck
i_pubs/pubs/DAG/notes screenshots/Screen Shot 2020-12-03 at 10.47.42.png>]
</Users/annakawiecki/Documents/epi/workshops/akawiecki_pubs/pubs/DAG/notes scre
enshots/Screen Shot 2020-12-03 at 11.21.04.png, id=351, 615.29875pt x 783.92876
pt>
File: /Users/annakawiecki/Documents/epi/workshops/akawiecki_pubs/pubs/DAG/notes
 screenshots/Screen Shot 2020-12-03 at 11.21.04.png Graphic file (type png)
<use /Users/annakawiecki/Documents/epi/workshops/akawiecki_pubs/pubs/DAG/notes 
screenshots/Screen Shot 2020-12-03 at 11.21.04.png>
Package pdftex.def Info: /Users/annakawiecki/Documents/epi/workshops/akawiecki_
pubs/pubs/DAG/notes screenshots/Screen Shot 2020-12-03 at 11.21.04.png  used on
 input line 1295.
(pdftex.def)             Requested size: 469.76314pt x 598.50737pt.
[28 </Users/annakawiecki/Documents/epi/workshops/akawiecki_pubs/pubs/DAG/notes 
screenshots/Screen Shot 2020-12-03 at 11.21.04.png>]
</Users/annakawiecki/Documents/epi/workshops/akawiecki_pubs/pubs/DAG/notes scre
enshots/Screen Shot 2020-12-03 at 11.24.21.png, id=357, 606.265pt x 612.2875pt>

File: /Users/annakawiecki/Documents/epi/workshops/akawiecki_pubs/pubs/DAG/notes
 screenshots/Screen Shot 2020-12-03 at 11.24.21.png Graphic file (type png)
<use /Users/annakawiecki/Documents/epi/workshops/akawiecki_pubs/pubs/DAG/notes 
screenshots/Screen Shot 2020-12-03 at 11.24.21.png>
Package pdftex.def Info: /Users/annakawiecki/Documents/epi/workshops/akawiecki_
pubs/pubs/DAG/notes screenshots/Screen Shot 2020-12-03 at 11.24.21.png  used on
 input line 1319.
(pdftex.def)             Requested size: 469.75801pt x 474.42448pt.
[29 </Users/annakawiecki/Documents/epi/workshops/akawiecki_pubs/pubs/DAG/notes 
screenshots/Screen Shot 2020-12-03 at 11.24.21.png>]
</Users/annakawiecki/Documents/epi/workshops/akawiecki_pubs/pubs/DAG/notes scre
enshots/odds_interpretation1.jpg, id=363, 1279.78125pt x 1680.2775pt>
File: /Users/annakawiecki/Documents/epi/workshops/akawiecki_pubs/pubs/DAG/notes
 screenshots/odds_interpretation1.jpg Graphic file (type jpg)
<use /Users/annakawiecki/Documents/epi/workshops/akawiecki_pubs/pubs/DAG/notes 
screenshots/odds_interpretation1.jpg>
Package pdftex.def Info: /Users/annakawiecki/Documents/epi/workshops/akawiecki_
pubs/pubs/DAG/notes screenshots/odds_interpretation1.jpg  used on input line 13
31.
(pdftex.def)             Requested size: 469.7623pt x 616.77028pt.
</Users/annakawiecki/Documents/epi/workshops/akawiecki_pubs/pubs/DAG/notes scre
enshots/OR2.jpg, id=364, 1279.78125pt x 1680.2775pt>
File: /Users/annakawiecki/Documents/epi/workshops/akawiecki_pubs/pubs/DAG/notes
 screenshots/OR2.jpg Graphic file (type jpg)
<use /Users/annakawiecki/Documents/epi/workshops/akawiecki_pubs/pubs/DAG/notes 
screenshots/OR2.jpg>
Package pdftex.def Info: /Users/annakawiecki/Documents/epi/workshops/akawiecki_
pubs/pubs/DAG/notes screenshots/OR2.jpg  used on input line 1332.
(pdftex.def)             Requested size: 469.7623pt x 616.77028pt.
</Users/annakawiecki/Documents/epi/workshops/akawiecki_pubs/pubs/DAG/notes scre
enshots/OR3.jpg, id=365, 1279.78125pt x 1680.2775pt>
File: /Users/annakawiecki/Documents/epi/workshops/akawiecki_pubs/pubs/DAG/notes
 screenshots/OR3.jpg Graphic file (type jpg)
<use /Users/annakawiecki/Documents/epi/workshops/akawiecki_pubs/pubs/DAG/notes 
screenshots/OR3.jpg>
Package pdftex.def Info: /Users/annakawiecki/Documents/epi/workshops/akawiecki_
pubs/pubs/DAG/notes screenshots/OR3.jpg  used on input line 1333.
(pdftex.def)             Requested size: 469.7623pt x 616.77028pt.
[30] [31 </Users/annakawiecki/Documents/epi/workshops/akawiecki_pubs/pubs/DAG/n
otes screenshots/odds_interpretation1.jpg>] [32 </Users/annakawiecki/Documents/
epi/workshops/akawiecki_pubs/pubs/DAG/notes screenshots/OR2.jpg>] [33 </Users/a
nnakawiecki/Documents/epi/workshops/akawiecki_pubs/pubs/DAG/notes screenshots/O
R3.jpg>]
Overfull \hbox (16.7273pt too wide) detected at line 1347
[] \OMS/lmsy/m/n/10 ^^@ [] \OT1/lmr/m/n/10 = [] \OMS/lmsy/m/n/10 ^^@ [] \OT1/lm
r/m/n/10 = [] \OMS/lmsy/m/n/10 ^^@ []
 []


Overfull \hbox (21.57458pt too wide) detected at line 1351
[] \OT1/lmr/m/n/10 = [] = []
 []

</Users/annakawiecki/Documents/epi/workshops/akawiecki_pubs/pubs/DAG/notes scre
enshots/Screen Shot 2020-12-03 at 12.11.43.png, id=384, 762.85pt x 526.96875pt>

File: /Users/annakawiecki/Documents/epi/workshops/akawiecki_pubs/pubs/DAG/notes
 screenshots/Screen Shot 2020-12-03 at 12.11.43.png Graphic file (type png)
<use /Users/annakawiecki/Documents/epi/workshops/akawiecki_pubs/pubs/DAG/notes 
screenshots/Screen Shot 2020-12-03 at 12.11.43.png>
Package pdftex.def Info: /Users/annakawiecki/Documents/epi/workshops/akawiecki_
pubs/pubs/DAG/notes screenshots/Screen Shot 2020-12-03 at 12.11.43.png  used on
 input line 1354.
(pdftex.def)             Requested size: 469.74944pt x 324.49796pt.
</Users/annakawiecki/Documents/epi/workshops/akawiecki_pubs/pubs/DAG/notes scre
enshots/Screen Shot 2020-12-03 at 12.13.13.png, id=385, 731.73375pt x 216.81pt>

File: /Users/annakawiecki/Documents/epi/workshops/akawiecki_pubs/pubs/DAG/notes
 screenshots/Screen Shot 2020-12-03 at 12.13.13.png Graphic file (type png)
<use /Users/annakawiecki/Documents/epi/workshops/akawiecki_pubs/pubs/DAG/notes 
screenshots/Screen Shot 2020-12-03 at 12.13.13.png>
Package pdftex.def Info: /Users/annakawiecki/Documents/epi/workshops/akawiecki_
pubs/pubs/DAG/notes screenshots/Screen Shot 2020-12-03 at 12.13.13.png  used on
 input line 1355.
(pdftex.def)             Requested size: 469.75949pt x 139.18799pt.

Underfull \hbox (badness 10000) in paragraph at lines 1354--1356
[][]
 []

[34 </Users/annakawiecki/Documents/epi/workshops/akawiecki_pubs/pubs/DAG/notes 
screenshots/Screen Shot 2020-12-03 at 12.11.43.png>]
Overfull \hbox (278.58514pt too wide) detected at line 1382
[] \OT1/lmr/m/n/10 = [] = []
 []

</Users/annakawiecki/Documents/epi/workshops/akawiecki_pubs/pubs/DAG/notes scre
enshots/Screen Shot 2020-12-03 at 12.58.29.png, id=392, 741.77126pt x 186.6975p
t>
File: /Users/annakawiecki/Documents/epi/workshops/akawiecki_pubs/pubs/DAG/notes
 screenshots/Screen Shot 2020-12-03 at 12.58.29.png Graphic file (type png)
<use /Users/annakawiecki/Documents/epi/workshops/akawiecki_pubs/pubs/DAG/notes 
screenshots/Screen Shot 2020-12-03 at 12.58.29.png>
Package pdftex.def Info: /Users/annakawiecki/Documents/epi/workshops/akawiecki_
pubs/pubs/DAG/notes screenshots/Screen Shot 2020-12-03 at 12.58.29.png  used on
 input line 1386.
(pdftex.def)             Requested size: 469.76317pt x 118.23537pt.
[35 </Users/annakawiecki/Documents/epi/workshops/akawiecki_pubs/pubs/DAG/notes 
screenshots/Screen Shot 2020-12-03 at 12.13.13.png> </Users/annakawiecki/Docume
nts/epi/workshops/akawiecki_pubs/pubs/DAG/notes screenshots/Screen Shot 2020-12
-03 at 12.58.29.png>]
</Users/annakawiecki/Documents/epi/workshops/akawiecki_pubs/pubs/DAG/notes scre
enshots/Screen Shot 2020-12-03 at 14.10.51.png, id=404, 226.8475pt x 490.83376p
t>
File: /Users/annakawiecki/Documents/epi/workshops/akawiecki_pubs/pubs/DAG/notes
 screenshots/Screen Shot 2020-12-03 at 14.10.51.png Graphic file (type png)
<use /Users/annakawiecki/Documents/epi/workshops/akawiecki_pubs/pubs/DAG/notes 
screenshots/Screen Shot 2020-12-03 at 14.10.51.png>
Package pdftex.def Info: /Users/annakawiecki/Documents/epi/workshops/akawiecki_
pubs/pubs/DAG/notes screenshots/Screen Shot 2020-12-03 at 14.10.51.png  used on
 input line 1441.
(pdftex.def)             Requested size: 226.84694pt x 490.83255pt.
</Users/annakawiecki/Documents/epi/workshops/akawiecki_pubs/pubs/DAG/notes scre
enshots/Screen Shot 2020-12-03 at 15.55.00.png, id=405, 416.55624pt x 96.36pt>
File: /Users/annakawiecki/Documents/epi/workshops/akawiecki_pubs/pubs/DAG/notes
 screenshots/Screen Shot 2020-12-03 at 15.55.00.png Graphic file (type png)
<use /Users/annakawiecki/Documents/epi/workshops/akawiecki_pubs/pubs/DAG/notes 
screenshots/Screen Shot 2020-12-03 at 15.55.00.png>
Package pdftex.def Info: /Users/annakawiecki/Documents/epi/workshops/akawiecki_
pubs/pubs/DAG/notes screenshots/Screen Shot 2020-12-03 at 15.55.00.png  used on
 input line 1496.
(pdftex.def)             Requested size: 416.55522pt x 96.35974pt.
[36] [37 </Users/annakawiecki/Documents/epi/workshops/akawiecki_pubs/pubs/DAG/n
otes screenshots/Screen Shot 2020-12-03 at 14.10.51.png>]
</Users/annakawiecki/Documents/epi/workshops/akawiecki_pubs/pubs/DAG/notes scre
enshots/EPI 203 NOTES Jan 12, 2019hyp1.jpg, id=427, 1279.78125pt x 1680.2775pt>

File: /Users/annakawiecki/Documents/epi/workshops/akawiecki_pubs/pubs/DAG/notes
 screenshots/EPI 203 NOTES Jan 12, 2019hyp1.jpg Graphic file (type jpg)
<use /Users/annakawiecki/Documents/epi/workshops/akawiecki_pubs/pubs/DAG/notes 
screenshots/EPI 203 NOTES Jan 12, 2019hyp1.jpg>
Package pdftex.def Info: /Users/annakawiecki/Documents/epi/workshops/akawiecki_
pubs/pubs/DAG/notes screenshots/EPI 203 NOTES Jan 12, 2019hyp1.jpg  used on inp
ut line 1537.
(pdftex.def)             Requested size: 469.7623pt x 616.77028pt.
</Users/annakawiecki/Documents/epi/workshops/akawiecki_pubs/pubs/DAG/notes scre
enshots/EPI 203 NOTES Jan 12, 2019hyp2.jpg, id=428, 1279.78125pt x 1680.2775pt>

File: /Users/annakawiecki/Documents/epi/workshops/akawiecki_pubs/pubs/DAG/notes
 screenshots/EPI 203 NOTES Jan 12, 2019hyp2.jpg Graphic file (type jpg)
<use /Users/annakawiecki/Documents/epi/workshops/akawiecki_pubs/pubs/DAG/notes 
screenshots/EPI 203 NOTES Jan 12, 2019hyp2.jpg>
Package pdftex.def Info: /Users/annakawiecki/Documents/epi/workshops/akawiecki_
pubs/pubs/DAG/notes screenshots/EPI 203 NOTES Jan 12, 2019hyp2.jpg  used on inp
ut line 1538.
(pdftex.def)             Requested size: 469.7623pt x 616.77028pt.
[38 </Users/annakawiecki/Documents/epi/workshops/akawiecki_pubs/pubs/DAG/notes 
screenshots/Screen Shot 2020-12-03 at 15.55.00.png>] [39 </Users/annakawiecki/D
ocuments/epi/workshops/akawiecki_pubs/pubs/DAG/notes screenshots/EPI 203 NOTES 
Jan 12, 2019hyp1.jpg>] [40 </Users/annakawiecki/Documents/epi/workshops/akawiec
ki_pubs/pubs/DAG/notes screenshots/EPI 203 NOTES Jan 12, 2019hyp2.jpg>]
</Users/annakawiecki/Documents/epi/workshops/akawiecki_pubs/pubs/DAG/notes scre
enshots/EPI 203 NOTES Jan 12, 2019sig.jpg, id=446, 1279.78125pt x 1680.2775pt>
File: /Users/annakawiecki/Documents/epi/workshops/akawiecki_pubs/pubs/DAG/notes
 screenshots/EPI 203 NOTES Jan 12, 2019sig.jpg Graphic file (type jpg)
<use /Users/annakawiecki/Documents/epi/workshops/akawiecki_pubs/pubs/DAG/notes 
screenshots/EPI 203 NOTES Jan 12, 2019sig.jpg>
Package pdftex.def Info: /Users/annakawiecki/Documents/epi/workshops/akawiecki_
pubs/pubs/DAG/notes screenshots/EPI 203 NOTES Jan 12, 2019sig.jpg  used on inpu
t line 1569.
(pdftex.def)             Requested size: 469.7623pt x 616.77028pt.
[41] [42 </Users/annakawiecki/Documents/epi/workshops/akawiecki_pubs/pubs/DAG/n
otes screenshots/EPI 203 NOTES Jan 12, 2019sig.jpg>]
</Users/annakawiecki/Documents/epi/workshops/akawiecki_pubs/pubs/DAG/notes scre
enshots/EPI 207 notes irva_sel.jpg, id=461, 1279.78125pt x 1680.2775pt>
File: /Users/annakawiecki/Documents/epi/workshops/akawiecki_pubs/pubs/DAG/notes
 screenshots/EPI 207 notes irva_sel.jpg Graphic file (type jpg)
<use /Users/annakawiecki/Documents/epi/workshops/akawiecki_pubs/pubs/DAG/notes 
screenshots/EPI 207 notes irva_sel.jpg>
Package pdftex.def Info: /Users/annakawiecki/Documents/epi/workshops/akawiecki_
pubs/pubs/DAG/notes screenshots/EPI 207 notes irva_sel.jpg  used on input line 
1663.
(pdftex.def)             Requested size: 469.7623pt x 616.77028pt.
[43]
<epi_curious_files/figure-latex/dag selection bias-1.pdf, id=467, 416.55624pt x
 296.10625pt>
File: epi_curious_files/figure-latex/dag selection bias-1.pdf Graphic file (typ
e pdf)
<use epi_curious_files/figure-latex/dag selection bias-1.pdf>
Package pdftex.def Info: epi_curious_files/figure-latex/dag selection bias-1.pd
f  used on input line 1669.
(pdftex.def)             Requested size: 416.56793pt x 296.11455pt.
[44 </Users/annakawiecki/Documents/epi/workshops/akawiecki_pubs/pubs/DAG/notes 
screenshots/EPI 207 notes irva_sel.jpg>] [45 <./epi_curious_files/figure-latex/
dag selection bias-1.pdf>]
</Users/annakawiecki/Documents/epi/workshops/akawiecki_pubs/pubs/DAG/notes scre
enshots/EPI 207 notes irvanondif.jpg, id=485, 1279.78125pt x 1680.2775pt>
File: /Users/annakawiecki/Documents/epi/workshops/akawiecki_pubs/pubs/DAG/notes
 screenshots/EPI 207 notes irvanondif.jpg Graphic file (type jpg)
<use /Users/annakawiecki/Documents/epi/workshops/akawiecki_pubs/pubs/DAG/notes 
screenshots/EPI 207 notes irvanondif.jpg>
Package pdftex.def Info: /Users/annakawiecki/Documents/epi/workshops/akawiecki_
pubs/pubs/DAG/notes screenshots/EPI 207 notes irvanondif.jpg  used on input lin
e 1727.
(pdftex.def)             Requested size: 469.7623pt x 616.77028pt.
</Users/annakawiecki/Documents/epi/workshops/akawiecki_pubs/pubs/DAG/notes scre
enshots/EPI 207 notes irvadis.jpg, id=486, 1279.78125pt x 1680.2775pt>
File: /Users/annakawiecki/Documents/epi/workshops/akawiecki_pubs/pubs/DAG/notes
 screenshots/EPI 207 notes irvadis.jpg Graphic file (type jpg)
<use /Users/annakawiecki/Documents/epi/workshops/akawiecki_pubs/pubs/DAG/notes 
screenshots/EPI 207 notes irvadis.jpg>
Package pdftex.def Info: /Users/annakawiecki/Documents/epi/workshops/akawiecki_
pubs/pubs/DAG/notes screenshots/EPI 207 notes irvadis.jpg  used on input line 1
735.
(pdftex.def)             Requested size: 469.7623pt x 616.77028pt.
[46] [47 </Users/annakawiecki/Documents/epi/workshops/akawiecki_pubs/pubs/DAG/n
otes screenshots/EPI 207 notes irvanondif.jpg>] [48 </Users/annakawiecki/Docume
nts/epi/workshops/akawiecki_pubs/pubs/DAG/notes screenshots/EPI 207 notes irvad
is.jpg>]
</Users/annakawiecki/Documents/epi/workshops/akawiecki_pubs/pubs/DAG/notes scre
enshots/strat example.png, id=509, 410.53375pt x 253.94875pt>
File: /Users/annakawiecki/Documents/epi/workshops/akawiecki_pubs/pubs/DAG/notes
 screenshots/strat example.png Graphic file (type png)
<use /Users/annakawiecki/Documents/epi/workshops/akawiecki_pubs/pubs/DAG/notes 
screenshots/strat example.png>
Package pdftex.def Info: /Users/annakawiecki/Documents/epi/workshops/akawiecki_
pubs/pubs/DAG/notes screenshots/strat example.png  used on input line 1826.
(pdftex.def)             Requested size: 410.53275pt x 253.94812pt.
</Users/annakawiecki/Documents/epi/workshops/akawiecki_pubs/pubs/DAG/notes scre
enshots/strat.png, id=510, 1279.78125pt x 1459.4525pt>
File: /Users/annakawiecki/Documents/epi/workshops/akawiecki_pubs/pubs/DAG/notes
 screenshots/strat.png Graphic file (type png)
<use /Users/annakawiecki/Documents/epi/workshops/akawiecki_pubs/pubs/DAG/notes 
screenshots/strat.png>
Package pdftex.def Info: /Users/annakawiecki/Documents/epi/workshops/akawiecki_
pubs/pubs/DAG/notes screenshots/strat.png  used on input line 1828.
(pdftex.def)             Requested size: 469.7623pt x 535.71326pt.
[49 </Users/annakawiecki/Documents/epi/workshops/akawiecki_pubs/pubs/DAG/notes 
screenshots/strat example.png>] [50 </Users/annakawiecki/Documents/epi/workshop
s/akawiecki_pubs/pubs/DAG/notes screenshots/strat.png>]
<epi_curious_files/figure-latex/confounder 1-1.pdf, id=523, 416.55624pt x 296.1
0625pt>
File: epi_curious_files/figure-latex/confounder 1-1.pdf Graphic file (type pdf)

<use epi_curious_files/figure-latex/confounder 1-1.pdf>
Package pdftex.def Info: epi_curious_files/figure-latex/confounder 1-1.pdf  use
d on input line 1893.
(pdftex.def)             Requested size: 416.56793pt x 296.11455pt.
[51 <./epi_curious_files/figure-latex/confounder 1-1.pdf>]
<epi_curious_files/figure-latex/dag1.3 ex1-1.pdf, id=541, 416.55624pt x 296.106
25pt>
File: epi_curious_files/figure-latex/dag1.3 ex1-1.pdf Graphic file (type pdf)
<use epi_curious_files/figure-latex/dag1.3 ex1-1.pdf>
Package pdftex.def Info: epi_curious_files/figure-latex/dag1.3 ex1-1.pdf  used 
on input line 1937.
(pdftex.def)             Requested size: 416.56793pt x 296.11455pt.
<epi_curious_files/figure-latex/dag2 ex1-1.pdf, id=542, 416.55624pt x 296.10625
pt>
File: epi_curious_files/figure-latex/dag2 ex1-1.pdf Graphic file (type pdf)
<use epi_curious_files/figure-latex/dag2 ex1-1.pdf>
Package pdftex.def Info: epi_curious_files/figure-latex/dag2 ex1-1.pdf  used on
 input line 1945.
(pdftex.def)             Requested size: 416.56793pt x 296.11455pt.
[52 <./epi_curious_files/figure-latex/dag1.3 ex1-1.pdf>]
</Users/annakawiecki/Documents/epi/workshops/akawiecki_pubs/pubs/DAG/notes scre
enshots/EPI 207 notes irva dag1.jpg, id=554, 1279.78125pt x 1680.2775pt>
File: /Users/annakawiecki/Documents/epi/workshops/akawiecki_pubs/pubs/DAG/notes
 screenshots/EPI 207 notes irva dag1.jpg Graphic file (type jpg)
<use /Users/annakawiecki/Documents/epi/workshops/akawiecki_pubs/pubs/DAG/notes 
screenshots/EPI 207 notes irva dag1.jpg>
Package pdftex.def Info: /Users/annakawiecki/Documents/epi/workshops/akawiecki_
pubs/pubs/DAG/notes screenshots/EPI 207 notes irva dag1.jpg  used on input line
 1972.
(pdftex.def)             Requested size: 469.7623pt x 616.77028pt.
[53 <./epi_curious_files/figure-latex/dag2 ex1-1.pdf>]
</Users/annakawiecki/Documents/epi/workshops/akawiecki_pubs/pubs/DAG/notes scre
enshots/EPI 207 notes irva dag2.jpg, id=566, 1279.78125pt x 1680.2775pt>
File: /Users/annakawiecki/Documents/epi/workshops/akawiecki_pubs/pubs/DAG/notes
 screenshots/EPI 207 notes irva dag2.jpg Graphic file (type jpg)
<use /Users/annakawiecki/Documents/epi/workshops/akawiecki_pubs/pubs/DAG/notes 
screenshots/EPI 207 notes irva dag2.jpg>
Package pdftex.def Info: /Users/annakawiecki/Documents/epi/workshops/akawiecki_
pubs/pubs/DAG/notes screenshots/EPI 207 notes irva dag2.jpg  used on input line
 1974.
(pdftex.def)             Requested size: 469.7623pt x 616.77028pt.
[54 </Users/annakawiecki/Documents/epi/workshops/akawiecki_pubs/pubs/DAG/notes 
screenshots/EPI 207 notes irva dag1.jpg>]
</Users/annakawiecki/Documents/epi/workshops/akawiecki_pubs/pubs/DAG/notes scre
enshots/Screen Shot 2020-12-07 at 13.39.14.png, id=571, 730.73pt x 534.99875pt>

File: /Users/annakawiecki/Documents/epi/workshops/akawiecki_pubs/pubs/DAG/notes
 screenshots/Screen Shot 2020-12-07 at 13.39.14.png Graphic file (type png)
<use /Users/annakawiecki/Documents/epi/workshops/akawiecki_pubs/pubs/DAG/notes 
screenshots/Screen Shot 2020-12-07 at 13.39.14.png>
Package pdftex.def Info: /Users/annakawiecki/Documents/epi/workshops/akawiecki_
pubs/pubs/DAG/notes screenshots/Screen Shot 2020-12-07 at 13.39.14.png  used on
 input line 1978.
(pdftex.def)             Requested size: 469.75066pt x 343.92459pt.
[55 </Users/annakawiecki/Documents/epi/workshops/akawiecki_pubs/pubs/DAG/notes 
screenshots/EPI 207 notes irva dag2.jpg>]
<epi_curious_files/figure-latex/dag1.4 ex1-1.pdf, id=577, 440.64626pt x 257.963
75pt>
File: epi_curious_files/figure-latex/dag1.4 ex1-1.pdf Graphic file (type pdf)
<use epi_curious_files/figure-latex/dag1.4 ex1-1.pdf>
Package pdftex.def Info: epi_curious_files/figure-latex/dag1.4 ex1-1.pdf  used 
on input line 2025.
(pdftex.def)             Requested size: 440.66533pt x 257.9749pt.
[56 </Users/annakawiecki/Documents/epi/workshops/akawiecki_pubs/pubs/DAG/notes 
screenshots/Screen Shot 2020-12-07 at 13.39.14.png>]
<epi_curious_files/figure-latex/adjust C ex-1.pdf, id=589, 440.64626pt x 257.96
375pt>
File: epi_curious_files/figure-latex/adjust C ex-1.pdf Graphic file (type pdf)
<use epi_curious_files/figure-latex/adjust C ex-1.pdf>
Package pdftex.def Info: epi_curious_files/figure-latex/adjust C ex-1.pdf  used
 on input line 2041.
(pdftex.def)             Requested size: 440.66533pt x 257.9749pt.
<epi_curious_files/figure-latex/adjust J ex-1.pdf, id=590, 440.64626pt x 290.08
376pt>
File: epi_curious_files/figure-latex/adjust J ex-1.pdf Graphic file (type pdf)
<use epi_curious_files/figure-latex/adjust J ex-1.pdf>
Package pdftex.def Info: epi_curious_files/figure-latex/adjust J ex-1.pdf  used
 on input line 2051.
(pdftex.def)             Requested size: 440.66533pt x 290.09631pt.
[57 <./epi_curious_files/figure-latex/dag1.4 ex1-1.pdf> <./epi_curious_files/fi
gure-latex/adjust C ex-1.pdf>]
<epi_curious_files/figure-latex/adjust JC ex-1.pdf, id=611, 440.64626pt x 290.0
8376pt>
File: epi_curious_files/figure-latex/adjust JC ex-1.pdf Graphic file (type pdf)

<use epi_curious_files/figure-latex/adjust JC ex-1.pdf>
Package pdftex.def Info: epi_curious_files/figure-latex/adjust JC ex-1.pdf  use
d on input line 2060.
(pdftex.def)             Requested size: 440.66533pt x 290.09631pt.
<epi_curious_files/figure-latex/dag1.4 ex2-1.pdf, id=612, 440.64626pt x 257.963
75pt>
File: epi_curious_files/figure-latex/dag1.4 ex2-1.pdf Graphic file (type pdf)
<use epi_curious_files/figure-latex/dag1.4 ex2-1.pdf>
Package pdftex.def Info: epi_curious_files/figure-latex/dag1.4 ex2-1.pdf  used 
on input line 2070.
(pdftex.def)             Requested size: 440.66533pt x 257.9749pt.
[58 <./epi_curious_files/figure-latex/adjust J ex-1.pdf> <./epi_curious_files/f
igure-latex/adjust JC ex-1.pdf>]
<epi_curious_files/figure-latex/adjust C ex2-1.pdf, id=634, 440.64626pt x 257.9
6375pt>
File: epi_curious_files/figure-latex/adjust C ex2-1.pdf Graphic file (type pdf)

<use epi_curious_files/figure-latex/adjust C ex2-1.pdf>
Package pdftex.def Info: epi_curious_files/figure-latex/adjust C ex2-1.pdf  use
d on input line 2085.
(pdftex.def)             Requested size: 440.66533pt x 257.9749pt.
<epi_curious_files/figure-latex/adjust J ex2-1.pdf, id=635, 447.6725pt x 290.08
376pt>
File: epi_curious_files/figure-latex/adjust J ex2-1.pdf Graphic file (type pdf)

<use epi_curious_files/figure-latex/adjust J ex2-1.pdf>
Package pdftex.def Info: epi_curious_files/figure-latex/adjust J ex2-1.pdf  use
d on input line 2095.
(pdftex.def)             Requested size: 447.68506pt x 290.09189pt.
[59 <./epi_curious_files/figure-latex/dag1.4 ex2-1.pdf> <./epi_curious_files/fi
gure-latex/adjust C ex2-1.pdf>]
<epi_curious_files/figure-latex/dag1.5 ex-1.pdf, id=656, 440.64626pt x 257.9637
5pt>
File: epi_curious_files/figure-latex/dag1.5 ex-1.pdf Graphic file (type pdf)
<use epi_curious_files/figure-latex/dag1.5 ex-1.pdf>
Package pdftex.def Info: epi_curious_files/figure-latex/dag1.5 ex-1.pdf  used o
n input line 2105.
(pdftex.def)             Requested size: 440.66533pt x 257.9749pt.
<epi_curious_files/figure-latex/adjust D ex-1.pdf, id=657, 440.64626pt x 257.96
375pt>
File: epi_curious_files/figure-latex/adjust D ex-1.pdf Graphic file (type pdf)
<use epi_curious_files/figure-latex/adjust D ex-1.pdf>
Package pdftex.def Info: epi_curious_files/figure-latex/adjust D ex-1.pdf  used
 on input line 2113.
(pdftex.def)             Requested size: 440.66533pt x 257.9749pt.
[60 <./epi_curious_files/figure-latex/adjust J ex2-1.pdf> <./epi_curious_files/
figure-latex/dag1.5 ex-1.pdf>]
<epi_curious_files/figure-latex/adjust JCD ex-1.pdf, id=679, 440.64626pt x 290.
08376pt>
File: epi_curious_files/figure-latex/adjust JCD ex-1.pdf Graphic file (type pdf
)
<use epi_curious_files/figure-latex/adjust JCD ex-1.pdf>
Package pdftex.def Info: epi_curious_files/figure-latex/adjust JCD ex-1.pdf  us
ed on input line 2121.
(pdftex.def)             Requested size: 440.66533pt x 290.09631pt.
[61 <./epi_curious_files/figure-latex/adjust D ex-1.pdf> <./epi_curious_files/f
igure-latex/adjust JCD ex-1.pdf>]
</Users/annakawiecki/Documents/epi/workshops/akawiecki_pubs/pubs/DAG/notes scre
enshots/EPI 207 notes irva ass.jpg, id=701, 1279.78125pt x 1680.2775pt>
File: /Users/annakawiecki/Documents/epi/workshops/akawiecki_pubs/pubs/DAG/notes
 screenshots/EPI 207 notes irva ass.jpg Graphic file (type jpg)
<use /Users/annakawiecki/Documents/epi/workshops/akawiecki_pubs/pubs/DAG/notes 
screenshots/EPI 207 notes irva ass.jpg>
Package pdftex.def Info: /Users/annakawiecki/Documents/epi/workshops/akawiecki_
pubs/pubs/DAG/notes screenshots/EPI 207 notes irva ass.jpg  used on input line 
2155.
(pdftex.def)             Requested size: 469.7623pt x 616.77028pt.
<epi_curious_files/figure-latex/dag confounder condition ex1-1.pdf, id=702, 416
.55624pt x 296.10625pt>
File: epi_curious_files/figure-latex/dag confounder condition ex1-1.pdf Graphic
 file (type pdf)
<use epi_curious_files/figure-latex/dag confounder condition ex1-1.pdf>
Package pdftex.def Info: epi_curious_files/figure-latex/dag confounder conditio
n ex1-1.pdf  used on input line 2214.
(pdftex.def)             Requested size: 416.56793pt x 296.11455pt.
[62] [63 </Users/annakawiecki/Documents/epi/workshops/akawiecki_pubs/pubs/DAG/n
otes screenshots/EPI 207 notes irva ass.jpg>]
</Users/annakawiecki/Documents/epi/workshops/akawiecki_pubs/pubs/DAG/notes scre
enshots/EPI 207 notes irva inverse.jpg, id=714, 1279.78125pt x 1680.2775pt>
File: /Users/annakawiecki/Documents/epi/workshops/akawiecki_pubs/pubs/DAG/notes
 screenshots/EPI 207 notes irva inverse.jpg Graphic file (type jpg)
<use /Users/annakawiecki/Documents/epi/workshops/akawiecki_pubs/pubs/DAG/notes 
screenshots/EPI 207 notes irva inverse.jpg>
Package pdftex.def Info: /Users/annakawiecki/Documents/epi/workshops/akawiecki_
pubs/pubs/DAG/notes screenshots/EPI 207 notes irva inverse.jpg  used on input l
ine 2273.
(pdftex.def)             Requested size: 469.7623pt x 616.77028pt.
[64 <./epi_curious_files/figure-latex/dag confounder condition ex1-1.pdf>] [65 
</Users/annakawiecki/Documents/epi/workshops/akawiecki_pubs/pubs/DAG/notes scre
enshots/EPI 207 notes irva inverse.jpg>]
<epi_curious_files/figure-latex/dag1.3 ex-1.pdf, id=733, 416.55624pt x 296.1062
5pt>
File: epi_curious_files/figure-latex/dag1.3 ex-1.pdf Graphic file (type pdf)
<use epi_curious_files/figure-latex/dag1.3 ex-1.pdf>
Package pdftex.def Info: epi_curious_files/figure-latex/dag1.3 ex-1.pdf  used o
n input line 2320.
(pdftex.def)             Requested size: 416.56793pt x 296.11455pt.
[66 <./epi_curious_files/figure-latex/dag1.3 ex-1.pdf>]
<epi_curious_files/figure-latex/dag1.1 ex-1.pdf, id=747, 416.55624pt x 37.13875
pt>
File: epi_curious_files/figure-latex/dag1.1 ex-1.pdf Graphic file (type pdf)
<use epi_curious_files/figure-latex/dag1.1 ex-1.pdf>
Package pdftex.def Info: epi_curious_files/figure-latex/dag1.1 ex-1.pdf  used o
n input line 2330.
(pdftex.def)             Requested size: 416.57428pt x 37.14035pt.
<epi_curious_files/figure-latex/dag1.2 ex-1.pdf, id=748, 416.55624pt x 296.1062
5pt>
File: epi_curious_files/figure-latex/dag1.2 ex-1.pdf Graphic file (type pdf)
<use epi_curious_files/figure-latex/dag1.2 ex-1.pdf>
Package pdftex.def Info: epi_curious_files/figure-latex/dag1.2 ex-1.pdf  used o
n input line 2347.
(pdftex.def)             Requested size: 416.56793pt x 296.11455pt.
<epi_curious_files/figure-latex/dag ex1-1.pdf, id=749, 440.64626pt x 257.96375p
t>
File: epi_curious_files/figure-latex/dag ex1-1.pdf Graphic file (type pdf)
<use epi_curious_files/figure-latex/dag ex1-1.pdf>
Package pdftex.def Info: epi_curious_files/figure-latex/dag ex1-1.pdf  used on 
input line 2357.
(pdftex.def)             Requested size: 440.66533pt x 257.9749pt.
[67 <./epi_curious_files/figure-latex/dag1.1 ex-1.pdf> <./epi_curious_files/fig
ure-latex/dag1.2 ex-1.pdf>]

! Package inputenc Error: Unicode character  (U+223C)
(inputenc)                not set up for use with LaTeX.

See the inputenc package documentation for explanation.
Type  H <return>  for immediate help.
 ...                                              
                                                  
l.2404 \(D_{i} 
                   Normal(\mu_{i}, \sigma)\) 
Here is how much of TeX's memory you used:
 14369 strings out of 492649
 231307 string characters out of 6129623
 317228 words of memory out of 5000000
 17695 multiletter control sequences out of 15000+600000
 59642 words of font info for 109 fonts, out of 8000000 for 9000
 1141 hyphenation exceptions out of 8191
 34i,6n,38p,905b,468s stack positions out of 5000i,500n,10000p,200000b,80000s

!  ==> Fatal error occurred, no output PDF file produced!
